\BOOKMARK [1][-]{section.1}{\376\377\133\236\232\214\151\202\217\360}{}% 1
\BOOKMARK [2][-]{subsection.1.1}{\376\377\133\236\232\214\166\356\166\204}{section.1}% 2
\BOOKMARK [2][-]{subsection.1.2}{\376\377\133\236\232\214\141\017\116\111\116\016\136\224\165\050\116\367\120\074}{section.1}% 3
\BOOKMARK [1][-]{section.2}{\376\377\164\006\213\272\127\372\170\100}{}% 4
\BOOKMARK [2][-]{subsection.2.1}{\376\377\000T\0003\123\125\121\103\121\340\117\125\143\317\217\360\116\016\127\120\150\007\174\373\176\337}{section.2}% 5
\BOOKMARK [2][-]{subsection.2.2}{\376\377\137\142\121\375\145\160\143\250\133\374\116\016\227\142\171\357\127\120\150\007}{section.2}% 6
\BOOKMARK [2][-]{subsection.2.3}{\376\377\136\224\123\330\000-\117\115\171\373\121\163\174\373\116\016\136\224\123\330\167\351\226\065}{section.2}% 7
\BOOKMARK [2][-]{subsection.2.4}{\376\377\147\054\147\204\121\163\174\373\116\016\137\071\140\047\167\351\226\065}{section.2}% 8
\BOOKMARK [2][-]{subsection.2.5}{\376\377\123\125\121\103\122\032\136\246\167\351\226\065\143\250\133\374}{section.2}% 9
\BOOKMARK [1][-]{section.3}{\376\377\172\013\136\217\213\276\213\241\116\016\133\236\163\260}{}% 10
\BOOKMARK [2][-]{subsection.3.1}{\376\377\000S\000T\000A\000P\000p\000p\172\013\136\217\147\266\147\204\122\006\147\220}{section.3}% 11
\BOOKMARK [2][-]{subsection.3.2}{\376\377\000T\0003\123\125\121\103\174\173\213\276\213\241\116\016\133\236\163\260}{section.3}% 12
\BOOKMARK [2][-]{subsection.3.3}{\376\377\150\070\137\303\173\227\154\325\133\236\163\260}{section.3}% 13
\BOOKMARK [3][-]{subsubsection.3.3.1}{\376\377\137\142\121\375\145\160\174\373\145\160\213\241\173\227\173\227\154\325}{subsection.3.3}% 14
\BOOKMARK [3][-]{subsubsection.3.3.2}{\376\377\123\125\121\103\122\032\136\246\167\351\226\065\213\241\173\227\173\227\154\325}{subsection.3.3}% 15
\BOOKMARK [3][-]{subsubsection.3.3.3}{\376\377\136\224\122\233\213\241\173\227\173\227\154\325}{subsection.3.3}% 16
\BOOKMARK [1][-]{section.4}{\376\377\173\227\117\213\213\276\213\241\116\016\232\214\213\301\173\126\165\145}{}% 17
\BOOKMARK [2][-]{subsection.4.1}{\376\377\232\214\213\301\145\271\154\325\213\272}{section.4}% 18
\BOOKMARK [2][-]{subsection.4.2}{\376\377\122\006\162\107\213\325\232\214\213\276\213\241}{section.4}% 19
\BOOKMARK [2][-]{subsection.4.3}{\376\377\145\066\145\133\140\047\122\006\147\220\213\276\213\241}{section.4}% 20
\BOOKMARK [3][-]{subsubsection.4.3.1}{\376\377\140\254\201\302\150\201\145\066\145\133\140\047\155\113\213\325}{subsection.4.3}% 21
\BOOKMARK [2][-]{subsection.4.4}{\376\377\173\227\117\213\232\214\213\301\377\032\117\213\0004\000-\0004\150\257\137\142\176\323\147\204}{section.4}% 22
\BOOKMARK [1][-]{section.5}{\376\377\133\236\232\214\176\323\147\234\116\016\122\006\147\220}{}% 23
\BOOKMARK [2][-]{subsection.5.1}{\376\377\122\006\162\107\213\325\232\214\176\323\147\234}{section.5}% 24
\BOOKMARK [2][-]{subsection.5.2}{\376\377\145\066\145\133\140\047\122\006\147\220\176\323\147\234}{section.5}% 25
\BOOKMARK [2][-]{subsection.5.3}{\376\377\173\227\117\213\232\214\213\301\176\323\147\234}{section.5}% 26
\BOOKMARK [3][-]{subsubsection.5.3.1}{\376\377\117\115\171\373\127\072\122\006\147\220}{subsection.5.3}% 27
\BOOKMARK [3][-]{subsubsection.5.3.2}{\376\377\136\224\122\233\127\072\122\006\147\220}{subsection.5.3}% 28
\BOOKMARK [2][-]{subsection.5.4}{\376\377\176\374\124\010\232\214\213\301\176\323\147\234\213\304\117\060}{section.5}% 29
\BOOKMARK [1][-]{section.6}{\376\377\142\200\147\057\226\276\160\271\116\016\211\343\121\263\145\271\150\110}{}% 30
\BOOKMARK [2][-]{subsection.6.1}{\376\377\167\351\226\065\133\130\120\250\150\074\137\017\220\002\221\115}{section.6}% 31
\BOOKMARK [2][-]{subsection.6.2}{\376\377\145\160\120\074\172\063\133\232\140\047\117\335\226\234}{section.6}% 32
\BOOKMARK [2][-]{subsection.6.3}{\376\377\214\003\213\325\173\126\165\145\116\016\232\214\213\301\145\271\154\325}{section.6}% 33
\BOOKMARK [1][-]{section.7}{\376\377\123\302\200\003\145\207\163\056}{}% 34
\BOOKMARK [1][-]{section.8}{\376\377\226\104\137\125}{}% 35
\BOOKMARK [2][-]{subsection.8.1}{\376\377\226\104\137\125\000A\377\032\133\214\145\164\156\220\116\343\170\001\176\323\147\204}{section.8}% 36
\BOOKMARK [2][-]{subsection.8.2}{\376\377\226\104\137\125\000B\377\032\121\163\225\056\173\227\117\213\217\223\121\145\145\207\116\366}{section.8}% 37
\BOOKMARK [2][-]{subsection.8.3}{\376\377\226\104\137\125\000C\377\032\232\214\213\301\176\323\147\234\213\346\176\306\145\160\143\156}{section.8}% 38
\BOOKMARK [2][-]{subsection.8.4}{\376\377\226\104\137\125\000D\377\032\123\357\211\306\123\026\176\323\147\234\134\125\171\072}{section.8}% 39
