\BOOKMARK [1][-]{section.1}{\376\377\133\236\232\214\151\202\217\360}{}% 1
\BOOKMARK [2][-]{subsection.1.1}{\376\377\133\236\232\214\166\356\166\204}{section.1}% 2
\BOOKMARK [2][-]{subsection.1.2}{\376\377\133\236\232\214\141\017\116\111}{section.1}% 3
\BOOKMARK [1][-]{section.2}{\376\377\164\006\213\272\127\372\170\100}{}% 4
\BOOKMARK [2][-]{subsection.2.1}{\376\377\000T\0003\123\125\121\103\121\340\117\125\143\317\217\360}{section.2}% 5
\BOOKMARK [2][-]{subsection.2.2}{\376\377\137\142\121\375\145\160}{section.2}% 6
\BOOKMARK [2][-]{subsection.2.3}{\376\377\136\224\123\330\000-\117\115\171\373\121\163\174\373}{section.2}% 7
\BOOKMARK [2][-]{subsection.2.4}{\376\377\123\125\121\103\122\032\136\246\167\351\226\065}{section.2}% 8
\BOOKMARK [1][-]{section.3}{\376\377\172\013\136\217\133\236\163\260}{}% 9
\BOOKMARK [2][-]{subsection.3.1}{\376\377\000S\000T\000A\000P\000p\000p\172\013\136\217\150\106\147\266}{section.3}% 10
\BOOKMARK [2][-]{subsection.3.2}{\376\377\000T\0003\123\125\121\103\174\173\213\276\213\241}{section.3}% 11
\BOOKMARK [2][-]{subsection.3.3}{\376\377\150\070\137\303\173\227\154\325\133\236\163\260}{section.3}% 12
\BOOKMARK [3][-]{subsubsection.3.3.1}{\376\377\137\142\121\375\145\160\174\373\145\160\213\241\173\227}{subsection.3.3}% 13
\BOOKMARK [3][-]{subsubsection.3.3.2}{\376\377\123\125\121\103\122\032\136\246\167\351\226\065\213\241\173\227}{subsection.3.3}% 14
\BOOKMARK [1][-]{section.4}{\376\377\173\227\117\213\213\276\213\241\116\016\232\214\213\301}{}% 15
\BOOKMARK [2][-]{subsection.4.1}{\376\377\232\214\213\301\173\126\165\145}{section.4}% 16
\BOOKMARK [2][-]{subsection.4.2}{\376\377\122\006\162\107\213\325\232\214}{section.4}% 17
\BOOKMARK [3][-]{subsubsection.4.2.1}{\376\377\136\070\136\224\123\330\142\311\117\070\213\325\232\214}{subsection.4.2}% 18
\BOOKMARK [3][-]{subsubsection.4.2.2}{\376\377\176\257\122\152\122\007\122\006\162\107\213\325\232\214}{subsection.4.2}% 19
\BOOKMARK [2][-]{subsection.4.3}{\376\377\145\066\145\133\140\047\122\006\147\220}{section.4}% 20
\BOOKMARK [3][-]{subsubsection.4.3.1}{\376\377\174\227\177\121\150\074\140\254\201\302\150\201\377\010\0002\000\327\0001\177\121\150\074\377\011}{subsection.4.3}% 21
\BOOKMARK [3][-]{subsubsection.4.3.2}{\376\377\176\306\177\121\150\074\140\254\201\302\150\201\377\010\0004\000\327\0002\177\121\150\074\377\011}{subsection.4.3}% 22
\BOOKMARK [2][-]{subsection.4.4}{\376\377\135\345\172\013\232\214\213\301\173\227\117\213\377\032\000W\000Z\000Y\150\257\137\142\176\323\147\204}{section.4}% 23
\BOOKMARK [1][-]{section.5}{\376\377\176\323\147\234\122\006\147\220\116\016\123\357\211\306\123\026}{}% 24
\BOOKMARK [2][-]{subsection.5.1}{\376\377\117\115\171\373\127\072\122\006\147\220}{section.5}% 25
\BOOKMARK [2][-]{subsection.5.2}{\376\377\136\224\122\233\127\072\122\006\147\220}{section.5}% 26
\BOOKMARK [2][-]{subsection.5.3}{\376\377\232\214\213\301\176\323\147\234\140\073\176\323}{section.5}% 27
\BOOKMARK [1][-]{section.6}{\376\377\142\200\147\057\226\276\160\271\116\016\211\343\121\263\145\271\150\110}{}% 28
\BOOKMARK [2][-]{subsection.6.1}{\376\377\167\351\226\065\133\130\120\250\150\074\137\017\220\002\221\115}{section.6}% 29
\BOOKMARK [2][-]{subsection.6.2}{\376\377\145\160\120\074\172\063\133\232\140\047\225\356\230\230}{section.6}% 30
\BOOKMARK [2][-]{subsection.6.3}{\376\377\214\003\213\325\145\271\154\325}{section.6}% 31
\BOOKMARK [1][-]{section.7}{\376\377\176\323\213\272\116\016\134\125\147\033}{}% 32
\BOOKMARK [2][-]{subsection.7.1}{\376\377\116\073\211\201\142\020\147\234}{section.7}% 33
\BOOKMARK [2][-]{subsection.7.2}{\376\377\142\200\147\057\162\171\202\162}{section.7}% 34
\BOOKMARK [2][-]{subsection.7.3}{\376\377\136\224\165\050\122\115\146\157}{section.7}% 35
\BOOKMARK [2][-]{subsection.7.4}{\376\377\145\071\217\333\145\271\124\021}{section.7}% 36
\BOOKMARK [1][-]{section.8}{\376\377\123\302\200\003\145\207\163\056}{}% 37
\BOOKMARK [1][-]{section.9}{\376\377\226\104\137\125}{}% 38
\BOOKMARK [2][-]{subsection.9.1}{\376\377\226\104\137\125\000A\377\032\133\214\145\164\156\220\116\343\170\001}{section.9}% 39
\BOOKMARK [2][-]{subsection.9.2}{\376\377\226\104\137\125\000B\377\032\173\227\117\213\217\223\121\145\145\207\116\366}{section.9}% 40
\BOOKMARK [2][-]{subsection.9.3}{\376\377\226\104\137\125\000C\377\032\232\214\213\301\176\323\147\234\213\346\176\306\145\160\143\156}{section.9}% 41
