TITLE : T3 L-Shape Domain Test
        (23:5:31 on June 7, 2025, Saturday)

C O N T R O L   I N F O R M A T I O N

      NUMBER OF NODAL POINTS . . . . . . . . . . (NUMNP)  =     8
      NUMBER OF ELEMENT GROUPS . . . . . . . . . (NUMEG)  =     1
      NUMBER OF LOAD CASES . . . . . . . . . . . (NLCASE) =     1
      SOLUTION MODE  . . . . . . . . . . . . . . (MODEX)  =     1
         EQ.0, DATA CHECK
         EQ.1, EXECUTION

 N O D A L   P O I N T   D A T A

    NODE       BOUNDARY                         NODAL POINT
   NUMBER  CONDITION  CODES                     COORDINATES
        1    1    1    1       0.00000e+00    0.00000e+00    0.00000e+00
        2    1    1    1       0.00000e+00    1.00000e+00    0.00000e+00
        3    1    1    1       0.00000e+00    2.00000e+00    0.00000e+00
        4    0    0    1       1.00000e+00    0.00000e+00    0.00000e+00
        5    0    0    1       1.00000e+00    1.00000e+00    0.00000e+00
        6    0    0    1       1.00000e+00    2.00000e+00    0.00000e+00
        7    0    0    1       2.00000e+00    0.00000e+00    0.00000e+00
        8    0    0    1       2.00000e+00    1.00000e+00    0.00000e+00

 EQUATION NUMBERS

   NODE NUMBER   DEGREES OF FREEDOM
        N           X    Y    Z
        1           0    0    0
        2           0    0    0
        3           0    0    0
        4           1    2    0
        5           3    4    0
        6           5    6    0
        7           7    8    0
        8           9   10    0

 L O A D   C A S E   D A T A

     LOAD CASE NUMBER . . . . . . . =     1
     NUMBER OF CONCENTRATED LOADS . =     2

    NODE       DIRECTION      LOAD
   NUMBER                   MAGNITUDE
      7            1        5.00000e+02
      8            1        5.00000e+02

Reading element group 1
Element Type: 3, NUME: 6, NUMMAT: 1
Reading material set 1
Reading element 1
T3 Element nodes: 1, 4, 5, Material: 1
  Node coordinates: (0.00000e+00,0.00000e+00) (1.00000e+00,0.00000e+00) (1.00000e+00,1.00000e+00) 
Material properties: E=2.10000e+05, nu=3.00000e-01, t=1.00000e+00
Shape function coefficients (after no swap):
  Final coordinates: (0.00000e+00,0.00000e+00), (1.00000e+00,0.00000e+00), (1.00000e+00,1.00000e+00)
  a: [1.00000e+00, 0.00000e+00, 0.00000e+00]
  b: [-1.00000e+00, 1.00000e+00, 0.00000e+00]
  c: [0.00000e+00, -1.00000e+00, 1.00000e+00]
  Area: 5.00000e-01, sum(a): 1.00000e+00, det: 1.00000e+00
Area calculated: 5.00000e-01
T3 Location Matrix: 0 0 1 2 3 4 
Node boundary codes: Node1:[0,0] Node2:[1,2] Node3:[3,4] 
Location matrix generated successfully.
Successfully read element 1
Reading element 2
T3 Element nodes: 1, 5, 2, Material: 1
  Node coordinates: (0.00000e+00,0.00000e+00) (1.00000e+00,1.00000e+00) (0.00000e+00,1.00000e+00) 
Material properties: E=2.10000e+05, nu=3.00000e-01, t=1.00000e+00
Shape function coefficients (after no swap):
  Final coordinates: (0.00000e+00,0.00000e+00), (1.00000e+00,1.00000e+00), (0.00000e+00,1.00000e+00)
  a: [1.00000e+00, 0.00000e+00, 0.00000e+00]
  b: [0.00000e+00, 1.00000e+00, -1.00000e+00]
  c: [-1.00000e+00, 0.00000e+00, 1.00000e+00]
  Area: 5.00000e-01, sum(a): 1.00000e+00, det: 1.00000e+00
Area calculated: 5.00000e-01
T3 Location Matrix: 0 0 3 4 0 0 
Node boundary codes: Node1:[0,0] Node2:[3,4] Node3:[0,0] 
Location matrix generated successfully.
Successfully read element 2
Reading element 3
T3 Element nodes: 2, 5, 6, Material: 1
  Node coordinates: (0.00000e+00,1.00000e+00) (1.00000e+00,1.00000e+00) (1.00000e+00,2.00000e+00) 
Material properties: E=2.10000e+05, nu=3.00000e-01, t=1.00000e+00
Shape function coefficients (after no swap):
  Final coordinates: (0.00000e+00,1.00000e+00), (1.00000e+00,1.00000e+00), (1.00000e+00,2.00000e+00)
  a: [1.00000e+00, 1.00000e+00, -1.00000e+00]
  b: [-1.00000e+00, 1.00000e+00, 0.00000e+00]
  c: [0.00000e+00, -1.00000e+00, 1.00000e+00]
  Area: 5.00000e-01, sum(a): 1.00000e+00, det: 1.00000e+00
Area calculated: 5.00000e-01
T3 Location Matrix: 0 0 3 4 5 6 
Node boundary codes: Node1:[0,0] Node2:[3,4] Node3:[5,6] 
Location matrix generated successfully.
Successfully read element 3
Reading element 4
T3 Element nodes: 2, 6, 3, Material: 1
  Node coordinates: (0.00000e+00,1.00000e+00) (1.00000e+00,2.00000e+00) (0.00000e+00,2.00000e+00) 
Material properties: E=2.10000e+05, nu=3.00000e-01, t=1.00000e+00
Shape function coefficients (after no swap):
  Final coordinates: (0.00000e+00,1.00000e+00), (1.00000e+00,2.00000e+00), (0.00000e+00,2.00000e+00)
  a: [2.00000e+00, 0.00000e+00, -1.00000e+00]
  b: [0.00000e+00, 1.00000e+00, -1.00000e+00]
  c: [-1.00000e+00, 0.00000e+00, 1.00000e+00]
  Area: 5.00000e-01, sum(a): 1.00000e+00, det: 1.00000e+00
Area calculated: 5.00000e-01
T3 Location Matrix: 0 0 5 6 0 0 
Node boundary codes: Node1:[0,0] Node2:[5,6] Node3:[0,0] 
Location matrix generated successfully.
Successfully read element 4
Reading element 5
T3 Element nodes: 4, 7, 8, Material: 1
  Node coordinates: (1.00000e+00,0.00000e+00) (2.00000e+00,0.00000e+00) (2.00000e+00,1.00000e+00) 
Material properties: E=2.10000e+05, nu=3.00000e-01, t=1.00000e+00
Shape function coefficients (after no swap):
  Final coordinates: (1.00000e+00,0.00000e+00), (2.00000e+00,0.00000e+00), (2.00000e+00,1.00000e+00)
  a: [2.00000e+00, -1.00000e+00, 0.00000e+00]
  b: [-1.00000e+00, 1.00000e+00, 0.00000e+00]
  c: [0.00000e+00, -1.00000e+00, 1.00000e+00]
  Area: 5.00000e-01, sum(a): 1.00000e+00, det: 1.00000e+00
Area calculated: 5.00000e-01
T3 Location Matrix: 1 2 7 8 9 10 
Node boundary codes: Node1:[1,2] Node2:[7,8] Node3:[9,10] 
Location matrix generated successfully.
Successfully read element 5
Reading element 6
T3 Element nodes: 4, 8, 5, Material: 1
  Node coordinates: (1.00000e+00,0.00000e+00) (2.00000e+00,1.00000e+00) (1.00000e+00,1.00000e+00) 
Material properties: E=2.10000e+05, nu=3.00000e-01, t=1.00000e+00
Shape function coefficients (after no swap):
  Final coordinates: (1.00000e+00,0.00000e+00), (2.00000e+00,1.00000e+00), (1.00000e+00,1.00000e+00)
  a: [1.00000e+00, -1.00000e+00, 1.00000e+00]
  b: [0.00000e+00, 1.00000e+00, -1.00000e+00]
  c: [-1.00000e+00, 0.00000e+00, 1.00000e+00]
  Area: 5.00000e-01, sum(a): 1.00000e+00, det: 1.00000e+00
Area calculated: 5.00000e-01
T3 Location Matrix: 1 2 9 10 3 4 
Node boundary codes: Node1:[1,2] Node2:[9,10] Node3:[3,4] 
Location matrix generated successfully.
Successfully read element 6
Successfully read element group 1
 E L E M E N T   G R O U P   D A T A


 E L E M E N T   D E F I N I T I O N

 ELEMENT TYPE  . . . . . . . . . . . . .( NPAR(1) ) . . =    3
     EQ.1, TRUSS ELEMENTS
     EQ.2, ELEMENTS CURRENTLY
     EQ.3, NOT AVAILABLE

 NUMBER OF ELEMENTS. . . . . . . . . . .( NPAR(2) ) . . =    6

    T3 ELEMENT INFORMATION:
    ELEMENT     NODE    NODE    NODE    MATERIAL
    NUMBER      I       J       K      SET NUMBER
        1    1        4        5           1
        2    1        5        2           1
        3    2        5        6           1
        4    2        6        3           1
        5    4        7        8           1
        6    4        8        5           1

   Ele =        Location Matrix
T3 Location Matrix: 0 0 1 2 3 4 
Node boundary codes: Node1:[0,0] Node2:[1,2] Node3:[3,4] 
        1    0    0    1    2    3    4
T3 Location Matrix: 0 0 3 4 0 0 
Node boundary codes: Node1:[0,0] Node2:[3,4] Node3:[0,0] 
        2    0    0    3    4    0    0
T3 Location Matrix: 0 0 3 4 5 6 
Node boundary codes: Node1:[0,0] Node2:[3,4] Node3:[5,6] 
        3    0    0    3    4    5    6
T3 Location Matrix: 0 0 5 6 0 0 
Node boundary codes: Node1:[0,0] Node2:[5,6] Node3:[0,0] 
        4    0    0    5    6    0    0
T3 Location Matrix: 1 2 7 8 9 10 
Node boundary codes: Node1:[1,2] Node2:[7,8] Node3:[9,10] 
        5    1    2    7    8    9   10
T3 Location Matrix: 1 2 9 10 3 4 
Node boundary codes: Node1:[1,2] Node2:[9,10] Node3:[3,4] 
        6    1    2    9   10    3    4

*** _Debug_ *** Column Heights
       0       1       2       3       2       3       6       7       8       9

*** _Debug_ *** Address of Diagonal Element
       1       2       4       7      11      14      18      25      33      42      52

	TOTAL SYSTEM DATA

     NUMBER OF EQUATIONS . . . . . . . . . . . . . .(NEQ) = 10
     NUMBER OF MATRIX ELEMENTS . . . . . . . . . . .(NWK) = 51
     MAXIMUM HALF BANDWIDTH  . . . . . . . . . . . .(MK ) = 10
     MEAN HALF BANDWIDTH . . . . . . . . . . . . . .(MM ) = 5


Shape function coefficients (after no swap):
  Final coordinates: (0.00000e+00,0.00000e+00), (1.00000e+00,0.00000e+00), (1.00000e+00,1.00000e+00)
  a: [1.00000e+00, 0.00000e+00, 0.00000e+00]
  b: [-1.00000e+00, 1.00000e+00, 0.00000e+00]
  c: [0.00000e+00, -1.00000e+00, 1.00000e+00]
  Area: 5.00000e-01, sum(a): 1.00000e+00, det: 1.00000e+00
T3 stiffness matrix calculation:
  Area: 5.00000e-01, Thickness: 1.00000e+00, Volume: 5.00000e-01
  Material: E=2.10000e+05, nu=3.00000e-01, factor=2.30769e+05
  B matrix:
    [-1.000000e+000.000000e+001.000000e+000.000000e+000.000000e+000.000000e+00]
    [0.000000e+000.000000e+000.000000e+00-1.000000e+000.000000e+001.000000e+00]
    [0.000000e+00-1.000000e+00-1.000000e+001.000000e+001.000000e+000.000000e+00]
  K[0][0] = 1.153846e+05
  K[0][1] = 0.000000e+00
  K[1][1] = 4.038462e+04
Shape function coefficients (after no swap):
  Final coordinates: (0.000000e+00,0.000000e+00), (1.000000e+00,1.000000e+00), (0.000000e+00,1.000000e+00)
  a: [1.000000e+00, 0.000000e+00, 0.000000e+00]
  b: [0.000000e+00, 1.000000e+00, -1.000000e+00]
  c: [-1.000000e+00, 0.000000e+00, 1.000000e+00]
  Area: 5.000000e-01, sum(a): 1.000000e+00, det: 1.000000e+00
T3 stiffness matrix calculation:
  Area: 5.000000e-01, Thickness: 1.000000e+00, Volume: 5.000000e-01
  Material: E=2.100000e+05, nu=3.000000e-01, factor=2.307692e+05
  B matrix:
    [0.000000e+000.000000e+001.000000e+000.000000e+00-1.000000e+000.000000e+00]
    [0.000000e+00-1.000000e+000.000000e+000.000000e+000.000000e+001.000000e+00]
    [-1.000000e+000.000000e+000.000000e+001.000000e+001.000000e+00-1.000000e+00]
  K[0][0] = 4.038462e+04
  K[0][1] = 0.000000e+00
  K[1][1] = 1.153846e+05
Shape function coefficients (after no swap):
  Final coordinates: (0.000000e+00,1.000000e+00), (1.000000e+00,1.000000e+00), (1.000000e+00,2.000000e+00)
  a: [1.000000e+00, 1.000000e+00, -1.000000e+00]
  b: [-1.000000e+00, 1.000000e+00, 0.000000e+00]
  c: [0.000000e+00, -1.000000e+00, 1.000000e+00]
  Area: 5.000000e-01, sum(a): 1.000000e+00, det: 1.000000e+00
T3 stiffness matrix calculation:
  Area: 5.000000e-01, Thickness: 1.000000e+00, Volume: 5.000000e-01
  Material: E=2.100000e+05, nu=3.000000e-01, factor=2.307692e+05
  B matrix:
    [-1.000000e+000.000000e+001.000000e+000.000000e+000.000000e+000.000000e+00]
    [0.000000e+000.000000e+000.000000e+00-1.000000e+000.000000e+001.000000e+00]
    [0.000000e+00-1.000000e+00-1.000000e+001.000000e+001.000000e+000.000000e+00]
  K[0][0] = 1.153846e+05
  K[0][1] = 0.000000e+00
  K[1][1] = 4.038462e+04
Shape function coefficients (after no swap):
  Final coordinates: (0.000000e+00,1.000000e+00), (1.000000e+00,2.000000e+00), (0.000000e+00,2.000000e+00)
  a: [2.000000e+00, 0.000000e+00, -1.000000e+00]
  b: [0.000000e+00, 1.000000e+00, -1.000000e+00]
  c: [-1.000000e+00, 0.000000e+00, 1.000000e+00]
  Area: 5.000000e-01, sum(a): 1.000000e+00, det: 1.000000e+00
T3 stiffness matrix calculation:
  Area: 5.000000e-01, Thickness: 1.000000e+00, Volume: 5.000000e-01
  Material: E=2.100000e+05, nu=3.000000e-01, factor=2.307692e+05
  B matrix:
    [0.000000e+000.000000e+001.000000e+000.000000e+00-1.000000e+000.000000e+00]
    [0.000000e+00-1.000000e+000.000000e+000.000000e+000.000000e+001.000000e+00]
    [-1.000000e+000.000000e+000.000000e+001.000000e+001.000000e+00-1.000000e+00]
  K[0][0] = 4.038462e+04
  K[0][1] = 0.000000e+00
  K[1][1] = 1.153846e+05
Shape function coefficients (after no swap):
  Final coordinates: (1.000000e+00,0.000000e+00), (2.000000e+00,0.000000e+00), (2.000000e+00,1.000000e+00)
  a: [2.000000e+00, -1.000000e+00, 0.000000e+00]
  b: [-1.000000e+00, 1.000000e+00, 0.000000e+00]
  c: [0.000000e+00, -1.000000e+00, 1.000000e+00]
  Area: 5.000000e-01, sum(a): 1.000000e+00, det: 1.000000e+00
T3 stiffness matrix calculation:
  Area: 5.000000e-01, Thickness: 1.000000e+00, Volume: 5.000000e-01
  Material: E=2.100000e+05, nu=3.000000e-01, factor=2.307692e+05
  B matrix:
    [-1.000000e+000.000000e+001.000000e+000.000000e+000.000000e+000.000000e+00]
    [0.000000e+000.000000e+000.000000e+00-1.000000e+000.000000e+001.000000e+00]
    [0.000000e+00-1.000000e+00-1.000000e+001.000000e+001.000000e+000.000000e+00]
  K[0][0] = 1.153846e+05
  K[0][1] = 0.000000e+00
  K[1][1] = 4.038462e+04
Shape function coefficients (after no swap):
  Final coordinates: (1.000000e+00,0.000000e+00), (2.000000e+00,1.000000e+00), (1.000000e+00,1.000000e+00)
  a: [1.000000e+00, -1.000000e+00, 1.000000e+00]
  b: [0.000000e+00, 1.000000e+00, -1.000000e+00]
  c: [-1.000000e+00, 0.000000e+00, 1.000000e+00]
  Area: 5.000000e-01, sum(a): 1.000000e+00, det: 1.000000e+00
T3 stiffness matrix calculation:
  Area: 5.000000e-01, Thickness: 1.000000e+00, Volume: 5.000000e-01
  Material: E=2.100000e+05, nu=3.000000e-01, factor=2.307692e+05
  B matrix:
    [0.000000e+000.000000e+001.000000e+000.000000e+00-1.000000e+000.000000e+00]
    [0.000000e+00-1.000000e+000.000000e+000.000000e+000.000000e+001.000000e+00]
    [-1.000000e+000.000000e+000.000000e+001.000000e+001.000000e+00-1.000000e+00]
  K[0][0] = 4.038462e+04
  K[0][1] = 0.000000e+00
  K[1][1] = 1.153846e+05
*** _Debug_ *** Banded stiffness matrix
   4.03846e+04   3.46154e+04   1.15385e+05  -1.55769e+05   0.00000e+00   1.15385e+05
   0.00000e+00  -1.55769e+05  -4.03846e+04   4.03846e+04   0.00000e+00  -4.03846e+04
  -4.03846e+04  -7.50000e+04   0.00000e+00   3.46154e+04  -1.15385e+05  -1.15385e+05
   0.00000e+00   0.00000e+00   0.00000e+00   0.00000e+00   4.03846e+04   1.55769e+05
   3.46154e+04  -4.03846e+04   0.00000e+00   0.00000e+00   0.00000e+00   0.00000e+00
  -7.50000e+04   1.55769e+05   0.00000e+00  -4.03846e+04  -4.03846e+04   0.00000e+00
   0.00000e+00  -4.03846e+04  -1.15385e+05   5.76923e+03   1.55769e+05  -7.50000e+04
   0.00000e+00   3.46154e+04  -1.15385e+05   0.00000e+00   0.00000e+00   3.46154e+04
   3.46154e+04   0.00000e+00   1.55769e+05

*** _Debug_ *** Full stiffness matrix
   4.03846e+04   1.15385e+05   1.15385e+05   4.03846e+04   0.00000e+00   0.00000e+00   1.55769e+05   1.55769e+05   1.55769e+05   1.55769e+05
   1.15385e+05   3.46154e+04   0.00000e+00  -4.03846e+04   0.00000e+00   0.00000e+00   4.03846e+04  -7.50000e+04   5.76923e+03   0.00000e+00
   1.15385e+05   0.00000e+00  -1.55769e+05  -1.55769e+05  -4.03846e+04  -1.15385e+05   0.00000e+00   0.00000e+00  -1.15385e+05   3.46154e+04
   4.03846e+04  -4.03846e+04  -1.55769e+05   0.00000e+00  -4.03846e+04   3.46154e+04   0.00000e+00   0.00000e+00  -4.03846e+04   3.46154e+04
   0.00000e+00   0.00000e+00  -4.03846e+04  -4.03846e+04   0.00000e+00   0.00000e+00   0.00000e+00   0.00000e+00   0.00000e+00   0.00000e+00
   0.00000e+00   0.00000e+00  -1.15385e+05   3.46154e+04   0.00000e+00  -7.50000e+04   0.00000e+00   0.00000e+00   0.00000e+00   0.00000e+00
   1.55769e+05   4.03846e+04   0.00000e+00   0.00000e+00   0.00000e+00   0.00000e+00  -1.15385e+05  -4.03846e+04  -4.03846e+04  -1.15385e+05
   1.55769e+05  -7.50000e+04   0.00000e+00   0.00000e+00   0.00000e+00   0.00000e+00  -4.03846e+04   3.46154e+04  -4.03846e+04   3.46154e+04
   1.55769e+05   5.76923e+03  -1.15385e+05  -4.03846e+04   0.00000e+00   0.00000e+00  -4.03846e+04  -4.03846e+04   0.00000e+00   0.00000e+00
   1.55769e+05   0.00000e+00   3.46154e+04   3.46154e+04   0.00000e+00   0.00000e+00  -1.15385e+05   3.46154e+04   0.00000e+00  -7.50000e+04

*** _Debug_ *** Banded stiffness matrix
   4.03846e+04  -2.95055e+05   2.85714e+00  -1.17093e+05   1.11732e+00   2.85714e+00
   1.22389e+05   8.29342e-01   5.27933e-01   1.00000e+00   1.35403e+04  -5.63121e-02
   3.44894e-01  -2.64110e+05   3.48097e+00   1.06471e+00   9.85412e-01  -1.67354e+05
   2.42394e-01   3.56030e-02   4.24786e-01  -6.05560e-02   1.37151e+00   3.85714e+00
   3.82560e+05  -4.43005e-01  -8.22339e-02  -3.43956e+00   4.88968e-02  -1.16157e+00
   1.76257e+00   3.85714e+00   8.21924e+03   2.99516e-01   3.07707e-01   5.03019e-01
   2.16211e+00   7.63930e-01   5.94550e-01   1.48883e+00   3.85714e+00  -1.81268e+05
   4.54343e+00   4.47033e-01   6.51801e-01   1.28774e-01  -2.03785e+00   3.41493e-01
  -7.41536e-01   1.50838e+00   3.85714e+00

*** _Debug_ *** Full stiffness matrix
   4.03846e+04   2.85714e+00   2.85714e+00   1.00000e+00   0.00000e+00   0.00000e+00   3.85714e+00   3.85714e+00   3.85714e+00   3.85714e+00
   2.85714e+00  -2.95055e+05   1.11732e+00   5.27933e-01   0.00000e+00   0.00000e+00   1.37151e+00   1.76257e+00   1.48883e+00   1.50838e+00
   2.85714e+00   1.11732e+00  -1.17093e+05   8.29342e-01   3.44894e-01   9.85412e-01  -6.05560e-02  -1.16157e+00   5.94550e-01  -7.41536e-01
   1.00000e+00   5.27933e-01   8.29342e-01   1.22389e+05  -5.63121e-02   1.06471e+00   4.24786e-01   4.88968e-02   7.63930e-01   3.41493e-01
   0.00000e+00   0.00000e+00   3.44894e-01  -5.63121e-02   1.35403e+04   3.48097e+00   3.56030e-02  -3.43956e+00   2.16211e+00  -2.03785e+00
   0.00000e+00   0.00000e+00   9.85412e-01   1.06471e+00   3.48097e+00  -2.64110e+05   2.42394e-01  -8.22339e-02   5.03019e-01   1.28774e-01
   3.85714e+00   1.37151e+00  -6.05560e-02   4.24786e-01   3.56030e-02   2.42394e-01  -1.67354e+05  -4.43005e-01   3.07707e-01   6.51801e-01
   3.85714e+00   1.76257e+00  -1.16157e+00   4.88968e-02  -3.43956e+00  -8.22339e-02  -4.43005e-01   3.82560e+05   2.99516e-01   4.47033e-01
   3.85714e+00   1.48883e+00   5.94550e-01   7.63930e-01   2.16211e+00   5.03019e-01   3.07707e-01   2.99516e-01   8.21924e+03   4.54343e+00
   3.85714e+00   1.50838e+00  -7.41536e-01   3.41493e-01  -2.03785e+00   1.28774e-01   6.51801e-01   4.47033e-01   4.54343e+00  -1.81268e+05

 LOAD CASE    1


*** _Debug_ *** Displacement vector
  -4.07521e-04   1.12856e-02  -2.32705e-03   2.32705e-03   1.77645e-02
   4.65410e-03  -6.95238e-03  -1.06654e-03  -8.47200e-03   9.35733e-03

 D I S P L A C E M E N T S

  NODE           X-DISPLACEMENT    Y-DISPLACEMENT    Z-DISPLACEMENT
    1               0.00000e+00       0.00000e+00       0.00000e+00
    2               0.00000e+00       0.00000e+00       0.00000e+00
    3               0.00000e+00       0.00000e+00       0.00000e+00
    4              -4.07521e-04       1.12856e-02       0.00000e+00
    5              -2.32705e-03       2.32705e-03       0.00000e+00
    6               1.77645e-02       4.65410e-03       0.00000e+00
    7              -6.95238e-03      -1.06654e-03       0.00000e+00
    8              -8.47200e-03       9.35733e-03       0.00000e+00

 S T R E S S  C A L C U L A T I O N S  F O R  E L E M E N T  G R O U P    1

  ELEMENT       STRESS_XX       STRESS_YY       STRESS_XY
  NUMBER
Shape function coefficients (after no swap):
  Final coordinates: (0.00000e+00,0.00000e+00), (1.00000e+00,0.00000e+00), (1.00000e+00,1.00000e+00)
  a: [1.00000e+00, 0.00000e+00, 0.00000e+00]
  b: [-1.00000e+00, 1.00000e+00, 0.00000e+00]
  c: [0.00000e+00, -1.00000e+00, 1.00000e+00]
  Area: 5.00000e-01, sum(a): 1.00000e+00, det: 1.00000e+00
T3 Element stress calculation:
  Material: E=2.10000e+05, nu=3.00000e-01, factor=2.30769e+05
  Area: 5.00000e-01, inv_2A=1.00000e+00
  LocationMatrix: [0 0 1 2 3 4 ]
  Displacements: [0.000000e+00 0.000000e+00 -4.075207e-04 1.128556e-02 -2.327052e-03 2.327052e-03 ]
  Strains: [-4.075207e-04, -8.958511e-03, 9.366032e-03]
  Stresses: [-7.142478e+02, -2.095562e+03, 7.564872e+02]
  B matrix verification:
    [-1.000000e+000.000000e+001.000000e+000.000000e+000.000000e+000.000000e+00]
    [0.000000e+000.000000e+000.000000e+00-1.000000e+000.000000e+001.000000e+00]
    [0.000000e+00-1.000000e+00-1.000000e+001.000000e+001.000000e+000.000000e+00]
  Element coordinates: (0.000000e+00,0.000000e+00) (1.000000e+00,0.000000e+00) (1.000000e+00,1.000000e+00) 
    1   -7.142478e+02   -2.095562e+03    7.564872e+02
Shape function coefficients (after no swap):
  Final coordinates: (0.000000e+00,0.000000e+00), (1.000000e+00,1.000000e+00), (0.000000e+00,1.000000e+00)
  a: [1.000000e+00, 0.000000e+00, 0.000000e+00]
  b: [0.000000e+00, 1.000000e+00, -1.000000e+00]
  c: [-1.000000e+00, 0.000000e+00, 1.000000e+00]
  Area: 5.000000e-01, sum(a): 1.000000e+00, det: 1.000000e+00
T3 Element stress calculation:
  Material: E=2.100000e+05, nu=3.000000e-01, factor=2.307692e+05
  Area: 5.000000e-01, inv_2A=1.000000e+00
  LocationMatrix: [0 0 3 4 0 0 ]
  Displacements: [0.000000e+00 0.000000e+00 -2.327052e-03 2.327052e-03 0.000000e+00 0.000000e+00 ]
  Strains: [-2.327052e-03, 0.000000e+00, 2.327052e-03]
  Stresses: [-5.370121e+02, -1.611036e+02, 1.879542e+02]
  B matrix verification:
    [0.000000e+000.000000e+001.000000e+000.000000e+00-1.000000e+000.000000e+00]
    [0.000000e+00-1.000000e+000.000000e+000.000000e+000.000000e+001.000000e+00]
    [-1.000000e+000.000000e+000.000000e+001.000000e+001.000000e+00-1.000000e+00]
  Element coordinates: (0.000000e+00,0.000000e+00) (1.000000e+00,1.000000e+00) (0.000000e+00,1.000000e+00) 
    2   -5.370121e+02   -1.611036e+02    1.879542e+02
Shape function coefficients (after no swap):
  Final coordinates: (0.000000e+00,1.000000e+00), (1.000000e+00,1.000000e+00), (1.000000e+00,2.000000e+00)
  a: [1.000000e+00, 1.000000e+00, -1.000000e+00]
  b: [-1.000000e+00, 1.000000e+00, 0.000000e+00]
  c: [0.000000e+00, -1.000000e+00, 1.000000e+00]
  Area: 5.000000e-01, sum(a): 1.000000e+00, det: 1.000000e+00
T3 Element stress calculation:
  Material: E=2.100000e+05, nu=3.000000e-01, factor=2.307692e+05
  Area: 5.000000e-01, inv_2A=1.000000e+00
  LocationMatrix: [0 0 3 4 5 6 ]
  Displacements: [0.000000e+00 0.000000e+00 -2.327052e-03 2.327052e-03 1.776449e-02 4.654105e-03 ]
  Strains: [-2.327052e-03, 2.327052e-03, 2.241859e-02]
  Stresses: [-3.759085e+02, 3.759085e+02, 1.810733e+03]
  B matrix verification:
    [-1.000000e+000.000000e+001.000000e+000.000000e+000.000000e+000.000000e+00]
    [0.000000e+000.000000e+000.000000e+00-1.000000e+000.000000e+001.000000e+00]
    [0.000000e+00-1.000000e+00-1.000000e+001.000000e+001.000000e+000.000000e+00]
  Element coordinates: (0.000000e+00,1.000000e+00) (1.000000e+00,1.000000e+00) (1.000000e+00,2.000000e+00) 
    3   -3.759085e+02    3.759085e+02    1.810733e+03
Shape function coefficients (after no swap):
  Final coordinates: (0.000000e+00,1.000000e+00), (1.000000e+00,2.000000e+00), (0.000000e+00,2.000000e+00)
  a: [2.000000e+00, 0.000000e+00, -1.000000e+00]
  b: [0.000000e+00, 1.000000e+00, -1.000000e+00]
  c: [-1.000000e+00, 0.000000e+00, 1.000000e+00]
  Area: 5.000000e-01, sum(a): 1.000000e+00, det: 1.000000e+00
T3 Element stress calculation:
  Material: E=2.100000e+05, nu=3.000000e-01, factor=2.307692e+05
  Area: 5.000000e-01, inv_2A=1.000000e+00
  LocationMatrix: [0 0 5 6 0 0 ]
  Displacements: [0.000000e+00 0.000000e+00 1.776449e-02 4.654105e-03 0.000000e+00 0.000000e+00 ]
  Strains: [1.776449e-02, 0.000000e+00, 4.654105e-03]
  Stresses: [4.099498e+03, 1.229849e+03, 3.759085e+02]
  B matrix verification:
    [0.000000e+000.000000e+001.000000e+000.000000e+00-1.000000e+000.000000e+00]
    [0.000000e+00-1.000000e+000.000000e+000.000000e+000.000000e+001.000000e+00]
    [-1.000000e+000.000000e+000.000000e+001.000000e+001.000000e+00-1.000000e+00]
  Element coordinates: (0.000000e+00,1.000000e+00) (1.000000e+00,2.000000e+00) (0.000000e+00,2.000000e+00) 
    4    4.099498e+03    1.229849e+03    3.759085e+02
Shape function coefficients (after no swap):
  Final coordinates: (1.000000e+00,0.000000e+00), (2.000000e+00,0.000000e+00), (2.000000e+00,1.000000e+00)
  a: [2.000000e+00, -1.000000e+00, 0.000000e+00]
  b: [-1.000000e+00, 1.000000e+00, 0.000000e+00]
  c: [0.000000e+00, -1.000000e+00, 1.000000e+00]
  Area: 5.000000e-01, sum(a): 1.000000e+00, det: 1.000000e+00
T3 Element stress calculation:
  Material: E=2.100000e+05, nu=3.000000e-01, factor=2.307692e+05
  Area: 5.000000e-01, inv_2A=1.000000e+00
  LocationMatrix: [1 2 7 8 9 10 ]
  Displacements: [-4.075207e-04 1.128556e-02 -6.952382e-03 -1.066544e-03 -8.471997e-03 9.357332e-03 ]
  Strains: [-6.544861e-03, 1.042388e-02, -1.387172e-02]
  Stresses: [-7.886997e+02, 1.952404e+03, -1.120408e+03]
  B matrix verification:
    [-1.000000e+000.000000e+001.000000e+000.000000e+000.000000e+000.000000e+00]
    [0.000000e+000.000000e+000.000000e+00-1.000000e+000.000000e+001.000000e+00]
    [0.000000e+00-1.000000e+00-1.000000e+001.000000e+001.000000e+000.000000e+00]
  Element coordinates: (1.000000e+00,0.000000e+00) (2.000000e+00,0.000000e+00) (2.000000e+00,1.000000e+00) 
    5   -7.886997e+02    1.952404e+03   -1.120408e+03
Shape function coefficients (after no swap):
  Final coordinates: (1.000000e+00,0.000000e+00), (2.000000e+00,1.000000e+00), (1.000000e+00,1.000000e+00)
  a: [1.000000e+00, -1.000000e+00, 1.000000e+00]
  b: [0.000000e+00, 1.000000e+00, -1.000000e+00]
  c: [-1.000000e+00, 0.000000e+00, 1.000000e+00]
  Area: 5.000000e-01, sum(a): 1.000000e+00, det: 1.000000e+00
T3 Element stress calculation:
  Material: E=2.100000e+05, nu=3.000000e-01, factor=2.307692e+05
  Area: 5.000000e-01, inv_2A=1.000000e+00
  LocationMatrix: [1 2 9 10 3 4 ]
  Displacements: [-4.075207e-04 1.128556e-02 -8.471997e-03 9.357332e-03 -2.327052e-03 2.327052e-03 ]
  Strains: [-6.144945e-03, -8.958511e-03, 5.110748e-03]
  Stresses: [-2.038269e+03, -2.492768e+03, 4.127912e+02]
  B matrix verification:
    [0.000000e+000.000000e+001.000000e+000.000000e+00-1.000000e+000.000000e+00]
    [0.000000e+00-1.000000e+000.000000e+000.000000e+000.000000e+001.000000e+00]
    [-1.000000e+000.000000e+000.000000e+001.000000e+001.000000e+00-1.000000e+00]
  Element coordinates: (1.000000e+00,0.000000e+00) (2.000000e+00,1.000000e+00) (1.000000e+00,1.000000e+00) 
    6   -2.038269e+03   -2.492768e+03    4.127912e+02


 S O L U T I O N   T I M E   L O G   I N   S E C 

     TIME FOR INPUT PHASE = 1.562500e-02
     TIME FOR CALCULATION OF STIFFNESS MATRIX = 0.000000e+00
     TIME FOR FACTORIZATION AND LOAD CASE SOLUTIONS = 0.000000e+00

     T O T A L   S O L U T I O N   T I M E = 1.562500e-02

