TITLE : T3 Uniaxial Tension Specimen
        (23:7:12 on June 7, 2025, Saturday)

C O N T R O L   I N F O R M A T I O N

      NUMBER OF NODAL POINTS . . . . . . . . . . (NUMNP)  =    12
      NUMBER OF ELEMENT GROUPS . . . . . . . . . (NUMEG)  =     1
      NUMBER OF LOAD CASES . . . . . . . . . . . (NLCASE) =     1
      SOLUTION MODE  . . . . . . . . . . . . . . (MODEX)  =     1
         EQ.0, DATA CHECK
         EQ.1, EXECUTION

 N O D A L   P O I N T   D A T A

    NODE       BOUNDARY                         NODAL POINT
   NUMBER  CONDITION  CODES                     COORDINATES
        1    1    1    1       0.00000e+00    0.00000e+00    0.00000e+00
        2    1    1    1       0.00000e+00    1.00000e+00    0.00000e+00
        3    1    1    1       0.00000e+00    2.00000e+00    0.00000e+00
        4    0    0    1       1.00000e+00    0.00000e+00    0.00000e+00
        5    0    0    1       1.00000e+00    1.00000e+00    0.00000e+00
        6    0    0    1       1.00000e+00    2.00000e+00    0.00000e+00
        7    0    0    1       2.00000e+00    0.00000e+00    0.00000e+00
        8    0    0    1       2.00000e+00    1.00000e+00    0.00000e+00
        9    0    0    1       2.00000e+00    2.00000e+00    0.00000e+00
       10    0    0    1       3.00000e+00    0.00000e+00    0.00000e+00
       11    0    0    1       3.00000e+00    1.00000e+00    0.00000e+00
       12    0    0    1       3.00000e+00    2.00000e+00    0.00000e+00

 EQUATION NUMBERS

   NODE NUMBER   DEGREES OF FREEDOM
        N           X    Y    Z
        1           0    0    0
        2           0    0    0
        3           0    0    0
        4           1    2    0
        5           3    4    0
        6           5    6    0
        7           7    8    0
        8           9   10    0
        9          11   12    0
       10          13   14    0
       11          15   16    0
       12          17   18    0

 L O A D   C A S E   D A T A

     LOAD CASE NUMBER . . . . . . . =     1
     NUMBER OF CONCENTRATED LOADS . =     3

    NODE       DIRECTION      LOAD
   NUMBER                   MAGNITUDE
     10            1        5.00000e+02
     11            1        5.00000e+02
     12            1        5.00000e+02

 E L E M E N T   G R O U P   D A T A


 E L E M E N T   D E F I N I T I O N

 ELEMENT TYPE  . . . . . . . . . . . . .( NPAR(1) ) . . =    3
     EQ.1, TRUSS ELEMENTS
     EQ.2, ELEMENTS CURRENTLY
     EQ.3, NOT AVAILABLE

 NUMBER OF ELEMENTS. . . . . . . . . . .( NPAR(2) ) . . =   10

    T3 ELEMENT INFORMATION:
    ELEMENT     NODE    NODE    NODE    MATERIAL
    NUMBER      I       J       K      SET NUMBER
        1    1        4        5           1
        2    1        5        2           1
        3    2        5        6           1
        4    2        6        3           1
        5    4        7        8           1
        6    4        8        5           1
        7    5        8        9           1
        8    5        9        6           1
        9    7       10       11           1
       10    7       11        8           1

   Ele =        Location Matrix
        1    0    0    1    2    3    4
        2    0    0    3    4    0    0
        3    0    0    3    4    5    6
        4    0    0    5    6    0    0
        5    1    2    7    8    9   10
        6    1    2    9   10    3    4
        7    3    4    9   10   11   12
        8    3    4   11   12    5    6
        9    7    8   13   14   15   16
       10    7    8   15   16    9   10

*** _Debug_ *** Column Heights
       0       1       2       3       2       3       6       7       8       9       8       9       6       7       8       9       0       0

*** _Debug_ *** Address of Diagonal Element
       1       2       4       7      11      14      18      25      33      42      52      61      71      78      86      95     105     106     107

	TOTAL SYSTEM DATA

     NUMBER OF EQUATIONS . . . . . . . . . . . . . .(NEQ) = 18
     NUMBER OF MATRIX ELEMENTS . . . . . . . . . . .(NWK) = 106
     MAXIMUM HALF BANDWIDTH  . . . . . . . . . . . .(MK ) = 10
     MEAN HALF BANDWIDTH . . . . . . . . . . . . . .(MM ) = 5


*** _Debug_ *** Banded stiffness matrix
   4.03846e+04   3.46154e+04   1.15385e+05   0.00000e+00   0.00000e+00   1.15385e+05
   0.00000e+00   0.00000e+00  -4.03846e+04   4.03846e+04  -4.03846e+04   0.00000e+00
   1.15385e+05  -3.46154e+04  -1.15385e+05  -4.03846e+04   4.03846e+04   4.03846e+04
   0.00000e+00   0.00000e+00   0.00000e+00   0.00000e+00   4.03846e+04   1.55769e+05
   3.46154e+04   1.15385e+05   0.00000e+00   0.00000e+00   0.00000e+00   0.00000e+00
  -7.50000e+04   1.55769e+05  -1.55769e+05   0.00000e+00   1.15385e+05   0.00000e+00
   0.00000e+00   0.00000e+00   4.03846e+04   5.76923e+03   1.55769e+05   0.00000e+00
  -1.55769e+05  -4.03846e+04   4.03846e+04   0.00000e+00   0.00000e+00  -4.03846e+04
   1.90385e+05   0.00000e+00   1.55769e+05   0.00000e+00  -4.03846e+04  -4.03846e+04
   0.00000e+00   0.00000e+00  -4.03846e+04  -1.15385e+05   5.76923e+03   1.55769e+05
  -7.50000e+04   0.00000e+00   3.46154e+04  -1.15385e+05   0.00000e+00   0.00000e+00
   3.46154e+04   3.46154e+04   0.00000e+00   1.55769e+05  -1.15385e+05   0.00000e+00
   0.00000e+00   0.00000e+00   0.00000e+00   4.03846e+04   1.55769e+05   3.46154e+04
  -4.03846e+04   0.00000e+00   0.00000e+00   0.00000e+00   0.00000e+00  -7.50000e+04
   1.55769e+05   0.00000e+00  -4.03846e+04  -4.03846e+04   0.00000e+00   0.00000e+00
  -4.03846e+04  -1.15385e+05   5.76923e+03   1.55769e+05  -7.50000e+04   0.00000e+00
   3.46154e+04  -1.15385e+05   0.00000e+00   0.00000e+00   3.46154e+04   3.46154e+04
   0.00000e+00   1.55769e+05   0.00000e+00   0.00000e+00

*** _Debug_ *** Full stiffness matrix
   4.03846e+04   1.15385e+05   1.15385e+05   4.03846e+04   0.00000e+00   0.00000e+00   1.55769e+05   1.55769e+05   1.55769e+05   1.55769e+05   0.00000e+00   0.00000e+00   0.00000e+00   0.00000e+00   0.00000e+00   0.00000e+00   0.00000e+00   0.00000e+00
   1.15385e+05   3.46154e+04   0.00000e+00  -4.03846e+04   0.00000e+00   0.00000e+00   4.03846e+04  -7.50000e+04   5.76923e+03   0.00000e+00   0.00000e+00   0.00000e+00   0.00000e+00   0.00000e+00   0.00000e+00   0.00000e+00   0.00000e+00   0.00000e+00
   1.15385e+05   0.00000e+00   0.00000e+00   0.00000e+00   1.15385e+05   4.03846e+04   0.00000e+00   0.00000e+00   4.03846e+04   1.90385e+05   1.55769e+05   1.55769e+05   0.00000e+00   0.00000e+00   0.00000e+00   0.00000e+00   0.00000e+00   0.00000e+00
   4.03846e+04  -4.03846e+04   0.00000e+00   0.00000e+00   0.00000e+00  -4.03846e+04   0.00000e+00   0.00000e+00   0.00000e+00  -4.03846e+04   5.76923e+03   0.00000e+00   0.00000e+00   0.00000e+00   0.00000e+00   0.00000e+00   0.00000e+00   0.00000e+00
   0.00000e+00   0.00000e+00   1.15385e+05   0.00000e+00  -4.03846e+04  -1.15385e+05   0.00000e+00   0.00000e+00   0.00000e+00   0.00000e+00  -1.15385e+05   3.46154e+04   0.00000e+00   0.00000e+00   0.00000e+00   0.00000e+00   0.00000e+00   0.00000e+00
   0.00000e+00   0.00000e+00   4.03846e+04  -4.03846e+04  -1.15385e+05  -3.46154e+04   0.00000e+00   0.00000e+00   0.00000e+00   0.00000e+00  -4.03846e+04   3.46154e+04   0.00000e+00   0.00000e+00   0.00000e+00   0.00000e+00   0.00000e+00   0.00000e+00
   1.55769e+05   4.03846e+04   0.00000e+00   0.00000e+00   0.00000e+00   0.00000e+00   4.03846e+04   1.15385e+05   1.15385e+05   4.03846e+04   0.00000e+00   0.00000e+00   1.55769e+05   1.55769e+05   1.55769e+05   1.55769e+05   0.00000e+00   0.00000e+00
   1.55769e+05  -7.50000e+04   0.00000e+00   0.00000e+00   0.00000e+00   0.00000e+00   1.15385e+05   3.46154e+04   0.00000e+00  -4.03846e+04   0.00000e+00   0.00000e+00   4.03846e+04  -7.50000e+04   5.76923e+03   0.00000e+00   0.00000e+00   0.00000e+00
   1.55769e+05   5.76923e+03   4.03846e+04   0.00000e+00   0.00000e+00   0.00000e+00   1.15385e+05   0.00000e+00  -1.55769e+05  -1.55769e+05  -4.03846e+04  -1.15385e+05   0.00000e+00   0.00000e+00  -1.15385e+05   3.46154e+04   0.00000e+00   0.00000e+00
   1.55769e+05   0.00000e+00   1.90385e+05  -4.03846e+04   0.00000e+00   0.00000e+00   4.03846e+04  -4.03846e+04  -1.55769e+05   0.00000e+00  -4.03846e+04   3.46154e+04   0.00000e+00   0.00000e+00  -4.03846e+04   3.46154e+04   0.00000e+00   0.00000e+00
   0.00000e+00   0.00000e+00   1.55769e+05   5.76923e+03  -1.15385e+05  -4.03846e+04   0.00000e+00   0.00000e+00  -4.03846e+04  -4.03846e+04   0.00000e+00   0.00000e+00   0.00000e+00   0.00000e+00   0.00000e+00   0.00000e+00   0.00000e+00   0.00000e+00
   0.00000e+00   0.00000e+00   1.55769e+05   0.00000e+00   3.46154e+04   3.46154e+04   0.00000e+00   0.00000e+00  -1.15385e+05   3.46154e+04   0.00000e+00  -7.50000e+04   0.00000e+00   0.00000e+00   0.00000e+00   0.00000e+00   0.00000e+00   0.00000e+00
   0.00000e+00   0.00000e+00   0.00000e+00   0.00000e+00   0.00000e+00   0.00000e+00   1.55769e+05   4.03846e+04   0.00000e+00   0.00000e+00   0.00000e+00   0.00000e+00  -1.15385e+05  -4.03846e+04  -4.03846e+04  -1.15385e+05   0.00000e+00   0.00000e+00
   0.00000e+00   0.00000e+00   0.00000e+00   0.00000e+00   0.00000e+00   0.00000e+00   1.55769e+05  -7.50000e+04   0.00000e+00   0.00000e+00   0.00000e+00   0.00000e+00  -4.03846e+04   3.46154e+04  -4.03846e+04   3.46154e+04   0.00000e+00   0.00000e+00
   0.00000e+00   0.00000e+00   0.00000e+00   0.00000e+00   0.00000e+00   0.00000e+00   1.55769e+05   5.76923e+03  -1.15385e+05  -4.03846e+04   0.00000e+00   0.00000e+00  -4.03846e+04  -4.03846e+04   0.00000e+00   0.00000e+00   0.00000e+00   0.00000e+00
   0.00000e+00   0.00000e+00   0.00000e+00   0.00000e+00   0.00000e+00   0.00000e+00   1.55769e+05   0.00000e+00   3.46154e+04   3.46154e+04   0.00000e+00   0.00000e+00  -1.15385e+05   3.46154e+04   0.00000e+00  -7.50000e+04   0.00000e+00   0.00000e+00
   0.00000e+00   0.00000e+00   0.00000e+00   0.00000e+00   0.00000e+00   0.00000e+00   0.00000e+00   0.00000e+00   0.00000e+00   0.00000e+00   0.00000e+00   0.00000e+00   0.00000e+00   0.00000e+00   0.00000e+00   0.00000e+00   0.00000e+00   0.00000e+00
   0.00000e+00   0.00000e+00   0.00000e+00   0.00000e+00   0.00000e+00   0.00000e+00   0.00000e+00   0.00000e+00   0.00000e+00   0.00000e+00   0.00000e+00   0.00000e+00   0.00000e+00   0.00000e+00   0.00000e+00   0.00000e+00   0.00000e+00   0.00000e+00

