TITLE : T3 Cantilever Beam - Medium Mesh
        (23:5:30 on June 7, 2025, Saturday)

C O N T R O L   I N F O R M A T I O N

      NUMBER OF NODAL POINTS . . . . . . . . . . (NUMNP)  =    15
      NUMBER OF ELEMENT GROUPS . . . . . . . . . (NUMEG)  =     1
      NUMBER OF LOAD CASES . . . . . . . . . . . (NLCASE) =     1
      SOLUTION MODE  . . . . . . . . . . . . . . (MODEX)  =     1
         EQ.0, DATA CHECK
         EQ.1, EXECUTION

 N O D A L   P O I N T   D A T A

    NODE       BOUNDARY                         NODAL POINT
   NUMBER  CONDITION  CODES                     COORDINATES
        1    1    1    1       0.00000e+00    0.00000e+00    0.00000e+00
        2    1    1    1       0.00000e+00    2.50000e-01    0.00000e+00
        3    1    1    1       0.00000e+00    5.00000e-01    0.00000e+00
        4    1    1    1       0.00000e+00    7.50000e-01    0.00000e+00
        5    1    1    1       0.00000e+00    1.00000e+00    0.00000e+00
        6    0    0    1       5.00000e-01    0.00000e+00    0.00000e+00
        7    0    0    1       5.00000e-01    2.50000e-01    0.00000e+00
        8    0    0    1       5.00000e-01    5.00000e-01    0.00000e+00
        9    0    0    1       5.00000e-01    7.50000e-01    0.00000e+00
       10    0    0    1       5.00000e-01    1.00000e+00    0.00000e+00
       11    0    0    1       1.00000e+00    0.00000e+00    0.00000e+00
       12    0    0    1       1.00000e+00    2.50000e-01    0.00000e+00
       13    0    0    1       1.00000e+00    5.00000e-01    0.00000e+00
       14    0    0    1       1.00000e+00    7.50000e-01    0.00000e+00
       15    0    0    1       1.00000e+00    1.00000e+00    0.00000e+00

 EQUATION NUMBERS

   NODE NUMBER   DEGREES OF FREEDOM
        N           X    Y    Z
        1           0    0    0
        2           0    0    0
        3           0    0    0
        4           0    0    0
        5           0    0    0
        6           1    2    0
        7           3    4    0
        8           5    6    0
        9           7    8    0
       10           9   10    0
       11          11   12    0
       12          13   14    0
       13          15   16    0
       14          17   18    0
       15          19   20    0

 L O A D   C A S E   D A T A

     LOAD CASE NUMBER . . . . . . . =     1
     NUMBER OF CONCENTRATED LOADS . =     1

    NODE       DIRECTION      LOAD
   NUMBER                   MAGNITUDE
     15            2       -1.00000e+03

Reading element group 1
Element Type: 3, NUME: 16, NUMMAT: 1
Reading material set 1
Reading element 1
T3 Element nodes: 1, 6, 7, Material: 1
  Node coordinates: (0.00000e+00,0.00000e+00) (5.00000e-01,0.00000e+00) (5.00000e-01,2.50000e-01) 
Material properties: E=2.10000e+05, nu=3.00000e-01, t=1.00000e+00
Shape function coefficients (after no swap):
  Final coordinates: (0.00000e+00,0.00000e+00), (5.00000e-01,0.00000e+00), (5.00000e-01,2.50000e-01)
  a: [1.25000e-01, 0.00000e+00, 0.00000e+00]
  b: [-2.50000e-01, 2.50000e-01, 0.00000e+00]
  c: [0.00000e+00, -5.00000e-01, 5.00000e-01]
  Area: 6.25000e-02, sum(a): 1.25000e-01, det: 1.25000e-01
Area calculated: 6.25000e-02
T3 Location Matrix: 0 0 1 2 3 4 
Node boundary codes: Node1:[0,0] Node2:[1,2] Node3:[3,4] 
Location matrix generated successfully.
Successfully read element 1
Reading element 2
T3 Element nodes: 1, 7, 2, Material: 1
  Node coordinates: (0.00000e+00,0.00000e+00) (5.00000e-01,2.50000e-01) (0.00000e+00,2.50000e-01) 
Material properties: E=2.10000e+05, nu=3.00000e-01, t=1.00000e+00
Shape function coefficients (after no swap):
  Final coordinates: (0.00000e+00,0.00000e+00), (5.00000e-01,2.50000e-01), (0.00000e+00,2.50000e-01)
  a: [1.25000e-01, 0.00000e+00, 0.00000e+00]
  b: [0.00000e+00, 2.50000e-01, -2.50000e-01]
  c: [-5.00000e-01, 0.00000e+00, 5.00000e-01]
  Area: 6.25000e-02, sum(a): 1.25000e-01, det: 1.25000e-01
Area calculated: 6.25000e-02
T3 Location Matrix: 0 0 3 4 0 0 
Node boundary codes: Node1:[0,0] Node2:[3,4] Node3:[0,0] 
Location matrix generated successfully.
Successfully read element 2
Reading element 3
T3 Element nodes: 2, 7, 8, Material: 1
  Node coordinates: (0.00000e+00,2.50000e-01) (5.00000e-01,2.50000e-01) (5.00000e-01,5.00000e-01) 
Material properties: E=2.10000e+05, nu=3.00000e-01, t=1.00000e+00
Shape function coefficients (after no swap):
  Final coordinates: (0.00000e+00,2.50000e-01), (5.00000e-01,2.50000e-01), (5.00000e-01,5.00000e-01)
  a: [1.25000e-01, 1.25000e-01, -1.25000e-01]
  b: [-2.50000e-01, 2.50000e-01, 0.00000e+00]
  c: [0.00000e+00, -5.00000e-01, 5.00000e-01]
  Area: 6.25000e-02, sum(a): 1.25000e-01, det: 1.25000e-01
Area calculated: 6.25000e-02
T3 Location Matrix: 0 0 3 4 5 6 
Node boundary codes: Node1:[0,0] Node2:[3,4] Node3:[5,6] 
Location matrix generated successfully.
Successfully read element 3
Reading element 4
T3 Element nodes: 2, 8, 3, Material: 1
  Node coordinates: (0.00000e+00,2.50000e-01) (5.00000e-01,5.00000e-01) (0.00000e+00,5.00000e-01) 
Material properties: E=2.10000e+05, nu=3.00000e-01, t=1.00000e+00
Shape function coefficients (after no swap):
  Final coordinates: (0.00000e+00,2.50000e-01), (5.00000e-01,5.00000e-01), (0.00000e+00,5.00000e-01)
  a: [2.50000e-01, 0.00000e+00, -1.25000e-01]
  b: [0.00000e+00, 2.50000e-01, -2.50000e-01]
  c: [-5.00000e-01, 0.00000e+00, 5.00000e-01]
  Area: 6.25000e-02, sum(a): 1.25000e-01, det: 1.25000e-01
Area calculated: 6.25000e-02
T3 Location Matrix: 0 0 5 6 0 0 
Node boundary codes: Node1:[0,0] Node2:[5,6] Node3:[0,0] 
Location matrix generated successfully.
Successfully read element 4
Reading element 5
T3 Element nodes: 3, 8, 9, Material: 1
  Node coordinates: (0.00000e+00,5.00000e-01) (5.00000e-01,5.00000e-01) (5.00000e-01,7.50000e-01) 
Material properties: E=2.10000e+05, nu=3.00000e-01, t=1.00000e+00
Shape function coefficients (after no swap):
  Final coordinates: (0.00000e+00,5.00000e-01), (5.00000e-01,5.00000e-01), (5.00000e-01,7.50000e-01)
  a: [1.25000e-01, 2.50000e-01, -2.50000e-01]
  b: [-2.50000e-01, 2.50000e-01, 0.00000e+00]
  c: [0.00000e+00, -5.00000e-01, 5.00000e-01]
  Area: 6.25000e-02, sum(a): 1.25000e-01, det: 1.25000e-01
Area calculated: 6.25000e-02
T3 Location Matrix: 0 0 5 6 7 8 
Node boundary codes: Node1:[0,0] Node2:[5,6] Node3:[7,8] 
Location matrix generated successfully.
Successfully read element 5
Reading element 6
T3 Element nodes: 3, 9, 4, Material: 1
  Node coordinates: (0.00000e+00,5.00000e-01) (5.00000e-01,7.50000e-01) (0.00000e+00,7.50000e-01) 
Material properties: E=2.10000e+05, nu=3.00000e-01, t=1.00000e+00
Shape function coefficients (after no swap):
  Final coordinates: (0.00000e+00,5.00000e-01), (5.00000e-01,7.50000e-01), (0.00000e+00,7.50000e-01)
  a: [3.75000e-01, 0.00000e+00, -2.50000e-01]
  b: [0.00000e+00, 2.50000e-01, -2.50000e-01]
  c: [-5.00000e-01, 0.00000e+00, 5.00000e-01]
  Area: 6.25000e-02, sum(a): 1.25000e-01, det: 1.25000e-01
Area calculated: 6.25000e-02
T3 Location Matrix: 0 0 7 8 0 0 
Node boundary codes: Node1:[0,0] Node2:[7,8] Node3:[0,0] 
Location matrix generated successfully.
Successfully read element 6
Reading element 7
T3 Element nodes: 4, 9, 10, Material: 1
  Node coordinates: (0.00000e+00,7.50000e-01) (5.00000e-01,7.50000e-01) (5.00000e-01,1.00000e+00) 
Material properties: E=2.10000e+05, nu=3.00000e-01, t=1.00000e+00
Shape function coefficients (after no swap):
  Final coordinates: (0.00000e+00,7.50000e-01), (5.00000e-01,7.50000e-01), (5.00000e-01,1.00000e+00)
  a: [1.25000e-01, 3.75000e-01, -3.75000e-01]
  b: [-2.50000e-01, 2.50000e-01, 0.00000e+00]
  c: [0.00000e+00, -5.00000e-01, 5.00000e-01]
  Area: 6.25000e-02, sum(a): 1.25000e-01, det: 1.25000e-01
Area calculated: 6.25000e-02
T3 Location Matrix: 0 0 7 8 9 10 
Node boundary codes: Node1:[0,0] Node2:[7,8] Node3:[9,10] 
Location matrix generated successfully.
Successfully read element 7
Reading element 8
T3 Element nodes: 4, 10, 5, Material: 1
  Node coordinates: (0.00000e+00,7.50000e-01) (5.00000e-01,1.00000e+00) (0.00000e+00,1.00000e+00) 
Material properties: E=2.10000e+05, nu=3.00000e-01, t=1.00000e+00
Shape function coefficients (after no swap):
  Final coordinates: (0.00000e+00,7.50000e-01), (5.00000e-01,1.00000e+00), (0.00000e+00,1.00000e+00)
  a: [5.00000e-01, 0.00000e+00, -3.75000e-01]
  b: [0.00000e+00, 2.50000e-01, -2.50000e-01]
  c: [-5.00000e-01, 0.00000e+00, 5.00000e-01]
  Area: 6.25000e-02, sum(a): 1.25000e-01, det: 1.25000e-01
Area calculated: 6.25000e-02
T3 Location Matrix: 0 0 9 10 0 0 
Node boundary codes: Node1:[0,0] Node2:[9,10] Node3:[0,0] 
Location matrix generated successfully.
Successfully read element 8
Reading element 9
T3 Element nodes: 6, 11, 12, Material: 1
  Node coordinates: (5.00000e-01,0.00000e+00) (1.00000e+00,0.00000e+00) (1.00000e+00,2.50000e-01) 
Material properties: E=2.10000e+05, nu=3.00000e-01, t=1.00000e+00
Shape function coefficients (after no swap):
  Final coordinates: (5.00000e-01,0.00000e+00), (1.00000e+00,0.00000e+00), (1.00000e+00,2.50000e-01)
  a: [2.50000e-01, -1.25000e-01, 0.00000e+00]
  b: [-2.50000e-01, 2.50000e-01, 0.00000e+00]
  c: [0.00000e+00, -5.00000e-01, 5.00000e-01]
  Area: 6.25000e-02, sum(a): 1.25000e-01, det: 1.25000e-01
Area calculated: 6.25000e-02
T3 Location Matrix: 1 2 11 12 13 14 
Node boundary codes: Node1:[1,2] Node2:[11,12] Node3:[13,14] 
Location matrix generated successfully.
Successfully read element 9
Reading element 10
T3 Element nodes: 6, 12, 7, Material: 1
  Node coordinates: (5.00000e-01,0.00000e+00) (1.00000e+00,2.50000e-01) (5.00000e-01,2.50000e-01) 
Material properties: E=2.10000e+05, nu=3.00000e-01, t=1.00000e+00
Shape function coefficients (after no swap):
  Final coordinates: (5.00000e-01,0.00000e+00), (1.00000e+00,2.50000e-01), (5.00000e-01,2.50000e-01)
  a: [1.25000e-01, -1.25000e-01, 1.25000e-01]
  b: [0.00000e+00, 2.50000e-01, -2.50000e-01]
  c: [-5.00000e-01, 0.00000e+00, 5.00000e-01]
  Area: 6.25000e-02, sum(a): 1.25000e-01, det: 1.25000e-01
Area calculated: 6.25000e-02
T3 Location Matrix: 1 2 13 14 3 4 
Node boundary codes: Node1:[1,2] Node2:[13,14] Node3:[3,4] 
Location matrix generated successfully.
Successfully read element 10
Reading element 11
T3 Element nodes: 7, 12, 13, Material: 1
  Node coordinates: (5.00000e-01,2.50000e-01) (1.00000e+00,2.50000e-01) (1.00000e+00,5.00000e-01) 
Material properties: E=2.10000e+05, nu=3.00000e-01, t=1.00000e+00
Shape function coefficients (after no swap):
  Final coordinates: (5.00000e-01,2.50000e-01), (1.00000e+00,2.50000e-01), (1.00000e+00,5.00000e-01)
  a: [2.50000e-01, 0.00000e+00, -1.25000e-01]
  b: [-2.50000e-01, 2.50000e-01, 0.00000e+00]
  c: [0.00000e+00, -5.00000e-01, 5.00000e-01]
  Area: 6.25000e-02, sum(a): 1.25000e-01, det: 1.25000e-01
Area calculated: 6.25000e-02
T3 Location Matrix: 3 4 13 14 15 16 
Node boundary codes: Node1:[3,4] Node2:[13,14] Node3:[15,16] 
Location matrix generated successfully.
Successfully read element 11
Reading element 12
T3 Element nodes: 7, 13, 8, Material: 1
  Node coordinates: (5.00000e-01,2.50000e-01) (1.00000e+00,5.00000e-01) (5.00000e-01,5.00000e-01) 
Material properties: E=2.10000e+05, nu=3.00000e-01, t=1.00000e+00
Shape function coefficients (after no swap):
  Final coordinates: (5.00000e-01,2.50000e-01), (1.00000e+00,5.00000e-01), (5.00000e-01,5.00000e-01)
  a: [2.50000e-01, -1.25000e-01, 0.00000e+00]
  b: [0.00000e+00, 2.50000e-01, -2.50000e-01]
  c: [-5.00000e-01, 0.00000e+00, 5.00000e-01]
  Area: 6.25000e-02, sum(a): 1.25000e-01, det: 1.25000e-01
Area calculated: 6.25000e-02
T3 Location Matrix: 3 4 15 16 5 6 
Node boundary codes: Node1:[3,4] Node2:[15,16] Node3:[5,6] 
Location matrix generated successfully.
Successfully read element 12
Reading element 13
T3 Element nodes: 8, 13, 14, Material: 1
  Node coordinates: (5.00000e-01,5.00000e-01) (1.00000e+00,5.00000e-01) (1.00000e+00,7.50000e-01) 
Material properties: E=2.10000e+05, nu=3.00000e-01, t=1.00000e+00
Shape function coefficients (after no swap):
  Final coordinates: (5.00000e-01,5.00000e-01), (1.00000e+00,5.00000e-01), (1.00000e+00,7.50000e-01)
  a: [2.50000e-01, 1.25000e-01, -2.50000e-01]
  b: [-2.50000e-01, 2.50000e-01, 0.00000e+00]
  c: [0.00000e+00, -5.00000e-01, 5.00000e-01]
  Area: 6.25000e-02, sum(a): 1.25000e-01, det: 1.25000e-01
Area calculated: 6.25000e-02
T3 Location Matrix: 5 6 15 16 17 18 
Node boundary codes: Node1:[5,6] Node2:[15,16] Node3:[17,18] 
Location matrix generated successfully.
Successfully read element 13
Reading element 14
T3 Element nodes: 8, 14, 9, Material: 1
  Node coordinates: (5.00000e-01,5.00000e-01) (1.00000e+00,7.50000e-01) (5.00000e-01,7.50000e-01) 
Material properties: E=2.10000e+05, nu=3.00000e-01, t=1.00000e+00
Shape function coefficients (after no swap):
  Final coordinates: (5.00000e-01,5.00000e-01), (1.00000e+00,7.50000e-01), (5.00000e-01,7.50000e-01)
  a: [3.75000e-01, -1.25000e-01, -1.25000e-01]
  b: [0.00000e+00, 2.50000e-01, -2.50000e-01]
  c: [-5.00000e-01, 0.00000e+00, 5.00000e-01]
  Area: 6.25000e-02, sum(a): 1.25000e-01, det: 1.25000e-01
Area calculated: 6.25000e-02
T3 Location Matrix: 5 6 17 18 7 8 
Node boundary codes: Node1:[5,6] Node2:[17,18] Node3:[7,8] 
Location matrix generated successfully.
Successfully read element 14
Reading element 15
T3 Element nodes: 9, 14, 15, Material: 1
  Node coordinates: (5.00000e-01,7.50000e-01) (1.00000e+00,7.50000e-01) (1.00000e+00,1.00000e+00) 
Material properties: E=2.10000e+05, nu=3.00000e-01, t=1.00000e+00
Shape function coefficients (after no swap):
  Final coordinates: (5.00000e-01,7.50000e-01), (1.00000e+00,7.50000e-01), (1.00000e+00,1.00000e+00)
  a: [2.50000e-01, 2.50000e-01, -3.75000e-01]
  b: [-2.50000e-01, 2.50000e-01, 0.00000e+00]
  c: [0.00000e+00, -5.00000e-01, 5.00000e-01]
  Area: 6.25000e-02, sum(a): 1.25000e-01, det: 1.25000e-01
Area calculated: 6.25000e-02
T3 Location Matrix: 7 8 17 18 19 20 
Node boundary codes: Node1:[7,8] Node2:[17,18] Node3:[19,20] 
Location matrix generated successfully.
Successfully read element 15
Reading element 16
T3 Element nodes: 9, 15, 10, Material: 1
  Node coordinates: (5.00000e-01,7.50000e-01) (1.00000e+00,1.00000e+00) (5.00000e-01,1.00000e+00) 
Material properties: E=2.10000e+05, nu=3.00000e-01, t=1.00000e+00
Shape function coefficients (after no swap):
  Final coordinates: (5.00000e-01,7.50000e-01), (1.00000e+00,1.00000e+00), (5.00000e-01,1.00000e+00)
  a: [5.00000e-01, -1.25000e-01, -2.50000e-01]
  b: [0.00000e+00, 2.50000e-01, -2.50000e-01]
  c: [-5.00000e-01, 0.00000e+00, 5.00000e-01]
  Area: 6.25000e-02, sum(a): 1.25000e-01, det: 1.25000e-01
Area calculated: 6.25000e-02
T3 Location Matrix: 7 8 19 20 9 10 
Node boundary codes: Node1:[7,8] Node2:[19,20] Node3:[9,10] 
Location matrix generated successfully.
Successfully read element 16
Successfully read element group 1
 E L E M E N T   G R O U P   D A T A


 E L E M E N T   D E F I N I T I O N

 ELEMENT TYPE  . . . . . . . . . . . . .( NPAR(1) ) . . =    3
     EQ.1, TRUSS ELEMENTS
     EQ.2, ELEMENTS CURRENTLY
     EQ.3, NOT AVAILABLE

 NUMBER OF ELEMENTS. . . . . . . . . . .( NPAR(2) ) . . =   16

    T3 ELEMENT INFORMATION:
    ELEMENT     NODE    NODE    NODE    MATERIAL
    NUMBER      I       J       K      SET NUMBER
        1    1        6        7           1
        2    1        7        2           1
        3    2        7        8           1
        4    2        8        3           1
        5    3        8        9           1
        6    3        9        4           1
        7    4        9       10           1
        8    4       10        5           1
        9    6       11       12           1
       10    6       12        7           1
       11    7       12       13           1
       12    7       13        8           1
       13    8       13       14           1
       14    8       14        9           1
       15    9       14       15           1
       16    9       15       10           1

   Ele =        Location Matrix
T3 Location Matrix: 0 0 1 2 3 4 
Node boundary codes: Node1:[0,0] Node2:[1,2] Node3:[3,4] 
        1    0    0    1    2    3    4
T3 Location Matrix: 0 0 3 4 0 0 
Node boundary codes: Node1:[0,0] Node2:[3,4] Node3:[0,0] 
        2    0    0    3    4    0    0
T3 Location Matrix: 0 0 3 4 5 6 
Node boundary codes: Node1:[0,0] Node2:[3,4] Node3:[5,6] 
        3    0    0    3    4    5    6
T3 Location Matrix: 0 0 5 6 0 0 
Node boundary codes: Node1:[0,0] Node2:[5,6] Node3:[0,0] 
        4    0    0    5    6    0    0
T3 Location Matrix: 0 0 5 6 7 8 
Node boundary codes: Node1:[0,0] Node2:[5,6] Node3:[7,8] 
        5    0    0    5    6    7    8
T3 Location Matrix: 0 0 7 8 0 0 
Node boundary codes: Node1:[0,0] Node2:[7,8] Node3:[0,0] 
        6    0    0    7    8    0    0
T3 Location Matrix: 0 0 7 8 9 10 
Node boundary codes: Node1:[0,0] Node2:[7,8] Node3:[9,10] 
        7    0    0    7    8    9   10
T3 Location Matrix: 0 0 9 10 0 0 
Node boundary codes: Node1:[0,0] Node2:[9,10] Node3:[0,0] 
        8    0    0    9   10    0    0
T3 Location Matrix: 1 2 11 12 13 14 
Node boundary codes: Node1:[1,2] Node2:[11,12] Node3:[13,14] 
        9    1    2   11   12   13   14
T3 Location Matrix: 1 2 13 14 3 4 
Node boundary codes: Node1:[1,2] Node2:[13,14] Node3:[3,4] 
       10    1    2   13   14    3    4
T3 Location Matrix: 3 4 13 14 15 16 
Node boundary codes: Node1:[3,4] Node2:[13,14] Node3:[15,16] 
       11    3    4   13   14   15   16
T3 Location Matrix: 3 4 15 16 5 6 
Node boundary codes: Node1:[3,4] Node2:[15,16] Node3:[5,6] 
       12    3    4   15   16    5    6
T3 Location Matrix: 5 6 15 16 17 18 
Node boundary codes: Node1:[5,6] Node2:[15,16] Node3:[17,18] 
       13    5    6   15   16   17   18
T3 Location Matrix: 5 6 17 18 7 8 
Node boundary codes: Node1:[5,6] Node2:[17,18] Node3:[7,8] 
       14    5    6   17   18    7    8
T3 Location Matrix: 7 8 17 18 19 20 
Node boundary codes: Node1:[7,8] Node2:[17,18] Node3:[19,20] 
       15    7    8   17   18   19   20
T3 Location Matrix: 7 8 19 20 9 10 
Node boundary codes: Node1:[7,8] Node2:[19,20] Node3:[9,10] 
       16    7    8   19   20    9   10

*** _Debug_ *** Column Heights
       0       1       2       3       2       3       2       3       2       3      10      11      12      13      12      13      12      13      12      13

*** _Debug_ *** Address of Diagonal Element
       1       2       4       7      11      14      18      21      25      28      32      43      55      68      82      95     109     122     136     149     163

	TOTAL SYSTEM DATA

     NUMBER OF EQUATIONS . . . . . . . . . . . . . .(NEQ) = 20
     NUMBER OF MATRIX ELEMENTS . . . . . . . . . . .(NWK) = 162
     MAXIMUM HALF BANDWIDTH  . . . . . . . . . . . .(MK ) = 14
     MEAN HALF BANDWIDTH . . . . . . . . . . . . . .(MM ) = 8


Shape function coefficients (after no swap):
  Final coordinates: (0.00000e+00,0.00000e+00), (5.00000e-01,0.00000e+00), (5.00000e-01,2.50000e-01)
  a: [1.25000e-01, 0.00000e+00, 0.00000e+00]
  b: [-2.50000e-01, 2.50000e-01, 0.00000e+00]
  c: [0.00000e+00, -5.00000e-01, 5.00000e-01]
  Area: 6.25000e-02, sum(a): 1.25000e-01, det: 1.25000e-01
T3 stiffness matrix calculation:
  Area: 6.25000e-02, Thickness: 1.00000e+00, Volume: 6.25000e-02
  Material: E=2.10000e+05, nu=3.00000e-01, factor=2.30769e+05
  B matrix:
    [-2.000000e+000.000000e+002.000000e+000.000000e+000.000000e+000.000000e+00]
    [0.000000e+000.000000e+000.000000e+00-4.000000e+000.000000e+004.000000e+00]
    [0.000000e+00-2.000000e+00-4.000000e+002.000000e+004.000000e+000.000000e+00]
  K[0][0] = 5.769231e+04
  K[0][1] = 0.000000e+00
  K[1][1] = 2.019231e+04
Shape function coefficients (after no swap):
  Final coordinates: (0.000000e+00,0.000000e+00), (5.000000e-01,2.500000e-01), (0.000000e+00,2.500000e-01)
  a: [1.250000e-01, 0.000000e+00, 0.000000e+00]
  b: [0.000000e+00, 2.500000e-01, -2.500000e-01]
  c: [-5.000000e-01, 0.000000e+00, 5.000000e-01]
  Area: 6.250000e-02, sum(a): 1.250000e-01, det: 1.250000e-01
T3 stiffness matrix calculation:
  Area: 6.250000e-02, Thickness: 1.000000e+00, Volume: 6.250000e-02
  Material: E=2.100000e+05, nu=3.000000e-01, factor=2.307692e+05
  B matrix:
    [0.000000e+000.000000e+002.000000e+000.000000e+00-2.000000e+000.000000e+00]
    [0.000000e+00-4.000000e+000.000000e+000.000000e+000.000000e+004.000000e+00]
    [-4.000000e+000.000000e+000.000000e+002.000000e+004.000000e+00-2.000000e+00]
  K[0][0] = 8.076923e+04
  K[0][1] = 0.000000e+00
  K[1][1] = 2.307692e+05
Shape function coefficients (after no swap):
  Final coordinates: (0.000000e+00,2.500000e-01), (5.000000e-01,2.500000e-01), (5.000000e-01,5.000000e-01)
  a: [1.250000e-01, 1.250000e-01, -1.250000e-01]
  b: [-2.500000e-01, 2.500000e-01, 0.000000e+00]
  c: [0.000000e+00, -5.000000e-01, 5.000000e-01]
  Area: 6.250000e-02, sum(a): 1.250000e-01, det: 1.250000e-01
T3 stiffness matrix calculation:
  Area: 6.250000e-02, Thickness: 1.000000e+00, Volume: 6.250000e-02
  Material: E=2.100000e+05, nu=3.000000e-01, factor=2.307692e+05
  B matrix:
    [-2.000000e+000.000000e+002.000000e+000.000000e+000.000000e+000.000000e+00]
    [0.000000e+000.000000e+000.000000e+00-4.000000e+000.000000e+004.000000e+00]
    [0.000000e+00-2.000000e+00-4.000000e+002.000000e+004.000000e+000.000000e+00]
  K[0][0] = 5.769231e+04
  K[0][1] = 0.000000e+00
  K[1][1] = 2.019231e+04
Shape function coefficients (after no swap):
  Final coordinates: (0.000000e+00,2.500000e-01), (5.000000e-01,5.000000e-01), (0.000000e+00,5.000000e-01)
  a: [2.500000e-01, 0.000000e+00, -1.250000e-01]
  b: [0.000000e+00, 2.500000e-01, -2.500000e-01]
  c: [-5.000000e-01, 0.000000e+00, 5.000000e-01]
  Area: 6.250000e-02, sum(a): 1.250000e-01, det: 1.250000e-01
T3 stiffness matrix calculation:
  Area: 6.250000e-02, Thickness: 1.000000e+00, Volume: 6.250000e-02
  Material: E=2.100000e+05, nu=3.000000e-01, factor=2.307692e+05
  B matrix:
    [0.000000e+000.000000e+002.000000e+000.000000e+00-2.000000e+000.000000e+00]
    [0.000000e+00-4.000000e+000.000000e+000.000000e+000.000000e+004.000000e+00]
    [-4.000000e+000.000000e+000.000000e+002.000000e+004.000000e+00-2.000000e+00]
  K[0][0] = 8.076923e+04
  K[0][1] = 0.000000e+00
  K[1][1] = 2.307692e+05
Shape function coefficients (after no swap):
  Final coordinates: (0.000000e+00,5.000000e-01), (5.000000e-01,5.000000e-01), (5.000000e-01,7.500000e-01)
  a: [1.250000e-01, 2.500000e-01, -2.500000e-01]
  b: [-2.500000e-01, 2.500000e-01, 0.000000e+00]
  c: [0.000000e+00, -5.000000e-01, 5.000000e-01]
  Area: 6.250000e-02, sum(a): 1.250000e-01, det: 1.250000e-01
T3 stiffness matrix calculation:
  Area: 6.250000e-02, Thickness: 1.000000e+00, Volume: 6.250000e-02
  Material: E=2.100000e+05, nu=3.000000e-01, factor=2.307692e+05
  B matrix:
    [-2.000000e+000.000000e+002.000000e+000.000000e+000.000000e+000.000000e+00]
    [0.000000e+000.000000e+000.000000e+00-4.000000e+000.000000e+004.000000e+00]
    [0.000000e+00-2.000000e+00-4.000000e+002.000000e+004.000000e+000.000000e+00]
  K[0][0] = 5.769231e+04
  K[0][1] = 0.000000e+00
  K[1][1] = 2.019231e+04
Shape function coefficients (after no swap):
  Final coordinates: (0.000000e+00,5.000000e-01), (5.000000e-01,7.500000e-01), (0.000000e+00,7.500000e-01)
  a: [3.750000e-01, 0.000000e+00, -2.500000e-01]
  b: [0.000000e+00, 2.500000e-01, -2.500000e-01]
  c: [-5.000000e-01, 0.000000e+00, 5.000000e-01]
  Area: 6.250000e-02, sum(a): 1.250000e-01, det: 1.250000e-01
T3 stiffness matrix calculation:
  Area: 6.250000e-02, Thickness: 1.000000e+00, Volume: 6.250000e-02
  Material: E=2.100000e+05, nu=3.000000e-01, factor=2.307692e+05
  B matrix:
    [0.000000e+000.000000e+002.000000e+000.000000e+00-2.000000e+000.000000e+00]
    [0.000000e+00-4.000000e+000.000000e+000.000000e+000.000000e+004.000000e+00]
    [-4.000000e+000.000000e+000.000000e+002.000000e+004.000000e+00-2.000000e+00]
  K[0][0] = 8.076923e+04
  K[0][1] = 0.000000e+00
  K[1][1] = 2.307692e+05
Shape function coefficients (after no swap):
  Final coordinates: (0.000000e+00,7.500000e-01), (5.000000e-01,7.500000e-01), (5.000000e-01,1.000000e+00)
  a: [1.250000e-01, 3.750000e-01, -3.750000e-01]
  b: [-2.500000e-01, 2.500000e-01, 0.000000e+00]
  c: [0.000000e+00, -5.000000e-01, 5.000000e-01]
  Area: 6.250000e-02, sum(a): 1.250000e-01, det: 1.250000e-01
T3 stiffness matrix calculation:
  Area: 6.250000e-02, Thickness: 1.000000e+00, Volume: 6.250000e-02
  Material: E=2.100000e+05, nu=3.000000e-01, factor=2.307692e+05
  B matrix:
    [-2.000000e+000.000000e+002.000000e+000.000000e+000.000000e+000.000000e+00]
    [0.000000e+000.000000e+000.000000e+00-4.000000e+000.000000e+004.000000e+00]
    [0.000000e+00-2.000000e+00-4.000000e+002.000000e+004.000000e+000.000000e+00]
  K[0][0] = 5.769231e+04
  K[0][1] = 0.000000e+00
  K[1][1] = 2.019231e+04
Shape function coefficients (after no swap):
  Final coordinates: (0.000000e+00,7.500000e-01), (5.000000e-01,1.000000e+00), (0.000000e+00,1.000000e+00)
  a: [5.000000e-01, 0.000000e+00, -3.750000e-01]
  b: [0.000000e+00, 2.500000e-01, -2.500000e-01]
  c: [-5.000000e-01, 0.000000e+00, 5.000000e-01]
  Area: 6.250000e-02, sum(a): 1.250000e-01, det: 1.250000e-01
T3 stiffness matrix calculation:
  Area: 6.250000e-02, Thickness: 1.000000e+00, Volume: 6.250000e-02
  Material: E=2.100000e+05, nu=3.000000e-01, factor=2.307692e+05
  B matrix:
    [0.000000e+000.000000e+002.000000e+000.000000e+00-2.000000e+000.000000e+00]
    [0.000000e+00-4.000000e+000.000000e+000.000000e+000.000000e+004.000000e+00]
    [-4.000000e+000.000000e+000.000000e+002.000000e+004.000000e+00-2.000000e+00]
  K[0][0] = 8.076923e+04
  K[0][1] = 0.000000e+00
  K[1][1] = 2.307692e+05
Shape function coefficients (after no swap):
  Final coordinates: (5.000000e-01,0.000000e+00), (1.000000e+00,0.000000e+00), (1.000000e+00,2.500000e-01)
  a: [2.500000e-01, -1.250000e-01, 0.000000e+00]
  b: [-2.500000e-01, 2.500000e-01, 0.000000e+00]
  c: [0.000000e+00, -5.000000e-01, 5.000000e-01]
  Area: 6.250000e-02, sum(a): 1.250000e-01, det: 1.250000e-01
T3 stiffness matrix calculation:
  Area: 6.250000e-02, Thickness: 1.000000e+00, Volume: 6.250000e-02
  Material: E=2.100000e+05, nu=3.000000e-01, factor=2.307692e+05
  B matrix:
    [-2.000000e+000.000000e+002.000000e+000.000000e+000.000000e+000.000000e+00]
    [0.000000e+000.000000e+000.000000e+00-4.000000e+000.000000e+004.000000e+00]
    [0.000000e+00-2.000000e+00-4.000000e+002.000000e+004.000000e+000.000000e+00]
  K[0][0] = 5.769231e+04
  K[0][1] = 0.000000e+00
  K[1][1] = 2.019231e+04
Shape function coefficients (after no swap):
  Final coordinates: (5.000000e-01,0.000000e+00), (1.000000e+00,2.500000e-01), (5.000000e-01,2.500000e-01)
  a: [1.250000e-01, -1.250000e-01, 1.250000e-01]
  b: [0.000000e+00, 2.500000e-01, -2.500000e-01]
  c: [-5.000000e-01, 0.000000e+00, 5.000000e-01]
  Area: 6.250000e-02, sum(a): 1.250000e-01, det: 1.250000e-01
T3 stiffness matrix calculation:
  Area: 6.250000e-02, Thickness: 1.000000e+00, Volume: 6.250000e-02
  Material: E=2.100000e+05, nu=3.000000e-01, factor=2.307692e+05
  B matrix:
    [0.000000e+000.000000e+002.000000e+000.000000e+00-2.000000e+000.000000e+00]
    [0.000000e+00-4.000000e+000.000000e+000.000000e+000.000000e+004.000000e+00]
    [-4.000000e+000.000000e+000.000000e+002.000000e+004.000000e+00-2.000000e+00]
  K[0][0] = 8.076923e+04
  K[0][1] = 0.000000e+00
  K[1][1] = 2.307692e+05
Shape function coefficients (after no swap):
  Final coordinates: (5.000000e-01,2.500000e-01), (1.000000e+00,2.500000e-01), (1.000000e+00,5.000000e-01)
  a: [2.500000e-01, 0.000000e+00, -1.250000e-01]
  b: [-2.500000e-01, 2.500000e-01, 0.000000e+00]
  c: [0.000000e+00, -5.000000e-01, 5.000000e-01]
  Area: 6.250000e-02, sum(a): 1.250000e-01, det: 1.250000e-01
T3 stiffness matrix calculation:
  Area: 6.250000e-02, Thickness: 1.000000e+00, Volume: 6.250000e-02
  Material: E=2.100000e+05, nu=3.000000e-01, factor=2.307692e+05
  B matrix:
    [-2.000000e+000.000000e+002.000000e+000.000000e+000.000000e+000.000000e+00]
    [0.000000e+000.000000e+000.000000e+00-4.000000e+000.000000e+004.000000e+00]
    [0.000000e+00-2.000000e+00-4.000000e+002.000000e+004.000000e+000.000000e+00]
  K[0][0] = 5.769231e+04
  K[0][1] = 0.000000e+00
  K[1][1] = 2.019231e+04
Shape function coefficients (after no swap):
  Final coordinates: (5.000000e-01,2.500000e-01), (1.000000e+00,5.000000e-01), (5.000000e-01,5.000000e-01)
  a: [2.500000e-01, -1.250000e-01, 0.000000e+00]
  b: [0.000000e+00, 2.500000e-01, -2.500000e-01]
  c: [-5.000000e-01, 0.000000e+00, 5.000000e-01]
  Area: 6.250000e-02, sum(a): 1.250000e-01, det: 1.250000e-01
T3 stiffness matrix calculation:
  Area: 6.250000e-02, Thickness: 1.000000e+00, Volume: 6.250000e-02
  Material: E=2.100000e+05, nu=3.000000e-01, factor=2.307692e+05
  B matrix:
    [0.000000e+000.000000e+002.000000e+000.000000e+00-2.000000e+000.000000e+00]
    [0.000000e+00-4.000000e+000.000000e+000.000000e+000.000000e+004.000000e+00]
    [-4.000000e+000.000000e+000.000000e+002.000000e+004.000000e+00-2.000000e+00]
  K[0][0] = 8.076923e+04
  K[0][1] = 0.000000e+00
  K[1][1] = 2.307692e+05
Shape function coefficients (after no swap):
  Final coordinates: (5.000000e-01,5.000000e-01), (1.000000e+00,5.000000e-01), (1.000000e+00,7.500000e-01)
  a: [2.500000e-01, 1.250000e-01, -2.500000e-01]
  b: [-2.500000e-01, 2.500000e-01, 0.000000e+00]
  c: [0.000000e+00, -5.000000e-01, 5.000000e-01]
  Area: 6.250000e-02, sum(a): 1.250000e-01, det: 1.250000e-01
T3 stiffness matrix calculation:
  Area: 6.250000e-02, Thickness: 1.000000e+00, Volume: 6.250000e-02
  Material: E=2.100000e+05, nu=3.000000e-01, factor=2.307692e+05
  B matrix:
    [-2.000000e+000.000000e+002.000000e+000.000000e+000.000000e+000.000000e+00]
    [0.000000e+000.000000e+000.000000e+00-4.000000e+000.000000e+004.000000e+00]
    [0.000000e+00-2.000000e+00-4.000000e+002.000000e+004.000000e+000.000000e+00]
  K[0][0] = 5.769231e+04
  K[0][1] = 0.000000e+00
  K[1][1] = 2.019231e+04
Shape function coefficients (after no swap):
  Final coordinates: (5.000000e-01,5.000000e-01), (1.000000e+00,7.500000e-01), (5.000000e-01,7.500000e-01)
  a: [3.750000e-01, -1.250000e-01, -1.250000e-01]
  b: [0.000000e+00, 2.500000e-01, -2.500000e-01]
  c: [-5.000000e-01, 0.000000e+00, 5.000000e-01]
  Area: 6.250000e-02, sum(a): 1.250000e-01, det: 1.250000e-01
T3 stiffness matrix calculation:
  Area: 6.250000e-02, Thickness: 1.000000e+00, Volume: 6.250000e-02
  Material: E=2.100000e+05, nu=3.000000e-01, factor=2.307692e+05
  B matrix:
    [0.000000e+000.000000e+002.000000e+000.000000e+00-2.000000e+000.000000e+00]
    [0.000000e+00-4.000000e+000.000000e+000.000000e+000.000000e+004.000000e+00]
    [-4.000000e+000.000000e+000.000000e+002.000000e+004.000000e+00-2.000000e+00]
  K[0][0] = 8.076923e+04
  K[0][1] = 0.000000e+00
  K[1][1] = 2.307692e+05
Shape function coefficients (after no swap):
  Final coordinates: (5.000000e-01,7.500000e-01), (1.000000e+00,7.500000e-01), (1.000000e+00,1.000000e+00)
  a: [2.500000e-01, 2.500000e-01, -3.750000e-01]
  b: [-2.500000e-01, 2.500000e-01, 0.000000e+00]
  c: [0.000000e+00, -5.000000e-01, 5.000000e-01]
  Area: 6.250000e-02, sum(a): 1.250000e-01, det: 1.250000e-01
T3 stiffness matrix calculation:
  Area: 6.250000e-02, Thickness: 1.000000e+00, Volume: 6.250000e-02
  Material: E=2.100000e+05, nu=3.000000e-01, factor=2.307692e+05
  B matrix:
    [-2.000000e+000.000000e+002.000000e+000.000000e+000.000000e+000.000000e+00]
    [0.000000e+000.000000e+000.000000e+00-4.000000e+000.000000e+004.000000e+00]
    [0.000000e+00-2.000000e+00-4.000000e+002.000000e+004.000000e+000.000000e+00]
  K[0][0] = 5.769231e+04
  K[0][1] = 0.000000e+00
  K[1][1] = 2.019231e+04
Shape function coefficients (after no swap):
  Final coordinates: (5.000000e-01,7.500000e-01), (1.000000e+00,1.000000e+00), (5.000000e-01,1.000000e+00)
  a: [5.000000e-01, -1.250000e-01, -2.500000e-01]
  b: [0.000000e+00, 2.500000e-01, -2.500000e-01]
  c: [-5.000000e-01, 0.000000e+00, 5.000000e-01]
  Area: 6.250000e-02, sum(a): 1.250000e-01, det: 1.250000e-01
T3 stiffness matrix calculation:
  Area: 6.250000e-02, Thickness: 1.000000e+00, Volume: 6.250000e-02
  Material: E=2.100000e+05, nu=3.000000e-01, factor=2.307692e+05
  B matrix:
    [0.000000e+000.000000e+002.000000e+000.000000e+00-2.000000e+000.000000e+00]
    [0.000000e+00-4.000000e+000.000000e+000.000000e+000.000000e+004.000000e+00]
    [-4.000000e+000.000000e+000.000000e+002.000000e+004.000000e+00-2.000000e+00]
  K[0][0] = 8.076923e+04
  K[0][1] = 0.000000e+00
  K[1][1] = 2.307692e+05
*** _Debug_ *** Banded stiffness matrix
   8.07692e+04   3.46154e+04   2.30769e+05   0.00000e+00   0.00000e+00   5.76923e+04
   0.00000e+00   0.00000e+00  -4.03846e+04   2.01923e+04   0.00000e+00   0.00000e+00
   5.76923e+04   0.00000e+00   0.00000e+00  -4.03846e+04   2.01923e+04   0.00000e+00
   0.00000e+00   5.76923e+04   0.00000e+00   0.00000e+00  -4.03846e+04   2.01923e+04
  -8.07692e+04   0.00000e+00   5.76923e+04  -3.46154e+04  -2.30769e+05  -4.03846e+04
   2.01923e+04  -5.76923e+04   0.00000e+00   0.00000e+00   0.00000e+00   0.00000e+00
   0.00000e+00   0.00000e+00   0.00000e+00   0.00000e+00   4.03846e+04   1.38462e+05
   3.46154e+04  -2.01923e+04   0.00000e+00   0.00000e+00   0.00000e+00   0.00000e+00
   0.00000e+00   0.00000e+00   0.00000e+00   0.00000e+00  -7.50000e+04   2.50962e+05
  -5.76923e+04  -4.03846e+04  -8.07692e+04   0.00000e+00   0.00000e+00   0.00000e+00
   0.00000e+00   0.00000e+00   0.00000e+00   2.01923e+04   8.07692e+04   5.76923e+03
   1.38462e+05  -4.03846e+04  -2.01923e+04   3.46154e+04  -2.30769e+05   0.00000e+00
   0.00000e+00   0.00000e+00   0.00000e+00   0.00000e+00   0.00000e+00  -4.03846e+04
   2.85577e+05   0.00000e+00   2.50962e+05  -5.76923e+04  -4.03846e+04  -8.07692e+04
   0.00000e+00   0.00000e+00   0.00000e+00   0.00000e+00   0.00000e+00   0.00000e+00
   2.01923e+04   8.07692e+04   5.76923e+03   1.38462e+05  -4.03846e+04  -2.01923e+04
   3.46154e+04  -2.30769e+05   0.00000e+00   0.00000e+00   0.00000e+00   0.00000e+00
   0.00000e+00   0.00000e+00  -4.03846e+04   2.85577e+05   0.00000e+00   2.50962e+05
  -5.76923e+04  -4.03846e+04  -8.07692e+04   0.00000e+00   0.00000e+00   0.00000e+00
   0.00000e+00   0.00000e+00   0.00000e+00   2.01923e+04   8.07692e+04   5.76923e+03
   1.38462e+05  -4.03846e+04  -2.01923e+04   3.46154e+04  -2.30769e+05   0.00000e+00
   0.00000e+00   0.00000e+00   0.00000e+00   0.00000e+00   0.00000e+00  -4.03846e+04
   2.85577e+05   0.00000e+00   2.50962e+05   0.00000e+00  -4.03846e+04  -8.07692e+04
   0.00000e+00   0.00000e+00   0.00000e+00   0.00000e+00   0.00000e+00   0.00000e+00
  -2.01923e+04  -5.76923e+04   5.76923e+03   1.38462e+05  -7.50000e+04   0.00000e+00
   3.46154e+04  -2.30769e+05   0.00000e+00   0.00000e+00   0.00000e+00   0.00000e+00
   0.00000e+00   0.00000e+00   3.46154e+04   3.46154e+04   0.00000e+00   2.50962e+05


*** _Debug_ *** Full stiffness matrix
   8.07692e+04   2.30769e+05   5.76923e+04   2.01923e+04   0.00000e+00   0.00000e+00   0.00000e+00   0.00000e+00   0.00000e+00   0.00000e+00   1.38462e+05   2.50962e+05   1.38462e+05   2.50962e+05   0.00000e+00   0.00000e+00   0.00000e+00   0.00000e+00   0.00000e+00   0.00000e+00
   2.30769e+05   3.46154e+04   0.00000e+00  -4.03846e+04   0.00000e+00   0.00000e+00   0.00000e+00   0.00000e+00   0.00000e+00   0.00000e+00   4.03846e+04  -7.50000e+04   5.76923e+03   0.00000e+00   0.00000e+00   0.00000e+00   0.00000e+00   0.00000e+00   0.00000e+00   0.00000e+00
   5.76923e+04   0.00000e+00   0.00000e+00   0.00000e+00   5.76923e+04   2.01923e+04   0.00000e+00   0.00000e+00   0.00000e+00   0.00000e+00   0.00000e+00   0.00000e+00   8.07692e+04   2.85577e+05   1.38462e+05   2.50962e+05   0.00000e+00   0.00000e+00   0.00000e+00   0.00000e+00
   2.01923e+04  -4.03846e+04   0.00000e+00   0.00000e+00   0.00000e+00  -4.03846e+04   0.00000e+00   0.00000e+00   0.00000e+00   0.00000e+00   0.00000e+00   0.00000e+00   2.01923e+04  -4.03846e+04   5.76923e+03   0.00000e+00   0.00000e+00   0.00000e+00   0.00000e+00   0.00000e+00
   0.00000e+00   0.00000e+00   5.76923e+04   0.00000e+00   0.00000e+00   0.00000e+00   5.76923e+04   2.01923e+04   0.00000e+00   0.00000e+00   0.00000e+00   0.00000e+00   0.00000e+00   0.00000e+00   8.07692e+04   2.85577e+05   1.38462e+05   2.50962e+05   0.00000e+00   0.00000e+00
   0.00000e+00   0.00000e+00   2.01923e+04  -4.03846e+04   0.00000e+00   0.00000e+00   0.00000e+00  -4.03846e+04   0.00000e+00   0.00000e+00   0.00000e+00   0.00000e+00   0.00000e+00   0.00000e+00   2.01923e+04  -4.03846e+04   5.76923e+03   0.00000e+00   0.00000e+00   0.00000e+00
   0.00000e+00   0.00000e+00   0.00000e+00   0.00000e+00   5.76923e+04   0.00000e+00   0.00000e+00   0.00000e+00   5.76923e+04   2.01923e+04   0.00000e+00   0.00000e+00   0.00000e+00   0.00000e+00   0.00000e+00   0.00000e+00   8.07692e+04   2.85577e+05   1.38462e+05   2.50962e+05
   0.00000e+00   0.00000e+00   0.00000e+00   0.00000e+00   2.01923e+04  -4.03846e+04   0.00000e+00   0.00000e+00   0.00000e+00  -4.03846e+04   0.00000e+00   0.00000e+00   0.00000e+00   0.00000e+00   0.00000e+00   0.00000e+00   2.01923e+04  -4.03846e+04   5.76923e+03   0.00000e+00
   0.00000e+00   0.00000e+00   0.00000e+00   0.00000e+00   0.00000e+00   0.00000e+00   5.76923e+04   0.00000e+00  -8.07692e+04  -2.30769e+05   0.00000e+00   0.00000e+00   0.00000e+00   0.00000e+00   0.00000e+00   0.00000e+00   0.00000e+00   0.00000e+00  -5.76923e+04   3.46154e+04
   0.00000e+00   0.00000e+00   0.00000e+00   0.00000e+00   0.00000e+00   0.00000e+00   2.01923e+04  -4.03846e+04  -2.30769e+05  -3.46154e+04   0.00000e+00   0.00000e+00   0.00000e+00   0.00000e+00   0.00000e+00   0.00000e+00   0.00000e+00   0.00000e+00  -2.01923e+04   3.46154e+04
   1.38462e+05   4.03846e+04   0.00000e+00   0.00000e+00   0.00000e+00   0.00000e+00   0.00000e+00   0.00000e+00   0.00000e+00   0.00000e+00  -5.76923e+04  -2.01923e+04  -8.07692e+04  -2.30769e+05   0.00000e+00   0.00000e+00   0.00000e+00   0.00000e+00   0.00000e+00   0.00000e+00
   2.50962e+05  -7.50000e+04   0.00000e+00   0.00000e+00   0.00000e+00   0.00000e+00   0.00000e+00   0.00000e+00   0.00000e+00   0.00000e+00  -2.01923e+04   3.46154e+04  -4.03846e+04   3.46154e+04   0.00000e+00   0.00000e+00   0.00000e+00   0.00000e+00   0.00000e+00   0.00000e+00
   1.38462e+05   5.76923e+03   8.07692e+04   2.01923e+04   0.00000e+00   0.00000e+00   0.00000e+00   0.00000e+00   0.00000e+00   0.00000e+00  -8.07692e+04  -4.03846e+04  -5.76923e+04  -2.01923e+04  -8.07692e+04  -2.30769e+05   0.00000e+00   0.00000e+00   0.00000e+00   0.00000e+00
   2.50962e+05   0.00000e+00   2.85577e+05  -4.03846e+04   0.00000e+00   0.00000e+00   0.00000e+00   0.00000e+00   0.00000e+00   0.00000e+00  -2.30769e+05   3.46154e+04  -2.01923e+04  -4.03846e+04  -4.03846e+04   3.46154e+04   0.00000e+00   0.00000e+00   0.00000e+00   0.00000e+00
   0.00000e+00   0.00000e+00   1.38462e+05   5.76923e+03   8.07692e+04   2.01923e+04   0.00000e+00   0.00000e+00   0.00000e+00   0.00000e+00   0.00000e+00   0.00000e+00  -8.07692e+04  -4.03846e+04  -5.76923e+04  -2.01923e+04  -8.07692e+04  -2.30769e+05   0.00000e+00   0.00000e+00
   0.00000e+00   0.00000e+00   2.50962e+05   0.00000e+00   2.85577e+05  -4.03846e+04   0.00000e+00   0.00000e+00   0.00000e+00   0.00000e+00   0.00000e+00   0.00000e+00  -2.30769e+05   3.46154e+04  -2.01923e+04  -4.03846e+04  -4.03846e+04   3.46154e+04   0.00000e+00   0.00000e+00
   0.00000e+00   0.00000e+00   0.00000e+00   0.00000e+00   1.38462e+05   5.76923e+03   8.07692e+04   2.01923e+04   0.00000e+00   0.00000e+00   0.00000e+00   0.00000e+00   0.00000e+00   0.00000e+00  -8.07692e+04  -4.03846e+04  -5.76923e+04  -2.01923e+04  -8.07692e+04  -2.30769e+05
   0.00000e+00   0.00000e+00   0.00000e+00   0.00000e+00   2.50962e+05   0.00000e+00   2.85577e+05  -4.03846e+04   0.00000e+00   0.00000e+00   0.00000e+00   0.00000e+00   0.00000e+00   0.00000e+00  -2.30769e+05   3.46154e+04  -2.01923e+04  -4.03846e+04  -4.03846e+04   3.46154e+04
   0.00000e+00   0.00000e+00   0.00000e+00   0.00000e+00   0.00000e+00   0.00000e+00   1.38462e+05   5.76923e+03  -5.76923e+04  -2.01923e+04   0.00000e+00   0.00000e+00   0.00000e+00   0.00000e+00   0.00000e+00   0.00000e+00  -8.07692e+04  -4.03846e+04   0.00000e+00   0.00000e+00
   0.00000e+00   0.00000e+00   0.00000e+00   0.00000e+00   0.00000e+00   0.00000e+00   2.50962e+05   0.00000e+00   3.46154e+04   3.46154e+04   0.00000e+00   0.00000e+00   0.00000e+00   0.00000e+00   0.00000e+00   0.00000e+00  -2.30769e+05   3.46154e+04   0.00000e+00  -7.50000e+04

*** _Debug_ *** Banded stiffness matrix
   8.07692e+04  -6.24725e+05   2.85714e+00   2.28334e+03   2.63852e-01   7.14286e-01
  -4.71154e+04   5.01667e+00   1.56992e-01   2.50000e-01   3.20192e+05   6.14286e+00
   2.52667e+01  -1.57588e+05   1.12477e+00   3.00714e+00   8.84333e+00   1.63254e+04
   4.11774e-01   1.80180e-01  -6.58976e+03   1.36862e+00   4.00388e-01   6.30631e-02
   6.61441e+05   1.19821e+01   3.53390e+00   2.44812e+05   7.75421e-01   1.03221e+01
   1.23687e+00  -1.22493e+05   3.27476e-02   3.12365e-01   2.37500e+00  -3.30779e-01
  -5.23747e-01  -4.95495e-01  -1.00000e+00  -2.26667e+00   5.68602e-01   1.71429e+00
  -1.06452e+04   6.84480e-01  -3.71869e-01   3.22504e-01  -7.14286e-03  -3.70728e+00
  -1.52540e+00  -6.66667e-01   1.85714e+00   1.30167e+01   1.26781e+00   3.10714e+00
   4.67698e+06   2.18027e+01   1.28553e+00  -9.30733e-01  -5.69975e-01  -9.61357e+00
  -6.62257e+00  -1.15831e+00   5.71171e-01   8.02857e+00   3.71067e+01   6.24011e-01
   1.71429e+00  -1.85032e+06   9.72164e-01   2.36385e+01   2.07232e+00  -3.09186e+00
  -3.76485e+00  -4.49755e+01  -1.83905e+01  -2.33839e-01   4.94099e+00   3.12643e+01
   1.29420e+02   1.14776e+00   3.10714e+00   3.71624e+05   4.56985e-01   1.06872e+00
   2.47475e+01  -2.09478e-01  -1.37463e+00  -1.88586e+00  -2.14733e+01  -7.76737e+00
   3.05494e-01   2.54157e+00   1.46204e+01   6.06400e+01  -3.53249e+05   1.94296e+00
   9.05288e-01   1.48739e+00   3.59805e+01  -7.22257e-01  -1.99158e+00  -3.69124e+00
  -3.77927e+01  -9.40386e+00   2.29455e+00   5.24189e+00   2.67214e+01   1.09910e+02
  -5.82135e+05   3.36302e-01  -8.07173e-01  -3.23721e-03  -7.30440e-01  -1.58175e+01
  -2.25659e-01   1.09855e+00   9.91476e-01   1.35678e+01   7.20195e+00   9.51649e-01
   4.32432e-01   1.01090e+06   3.10980e+00  -9.84468e-01  -2.95735e+00  -1.20634e+00
  -9.48488e-01  -2.36684e+01   1.09269e+00   4.00588e+00   5.90660e+00   6.54396e+01
   2.18428e+01   1.79122e+00   7.83784e-01   3.28490e+05   2.30093e-01   1.08812e+00
   4.00141e-01  -1.22224e+00  -5.25345e-01  -6.68487e-01  -1.58356e+01   3.95635e-01
   1.72430e+00   2.50133e+00   2.78814e+01   8.48137e+00  -3.08846e+05   1.66639e+00
   1.04447e+00   2.34100e+00   3.36214e-01  -2.41502e+00  -1.27841e+00  -9.29141e-01
  -2.34373e+01   1.18184e+00   3.01937e+00   4.93352e+00   5.21219e+01   1.53725e+01


*** _Debug_ *** Full stiffness matrix
   8.07692e+04   2.85714e+00   7.14286e-01   2.50000e-01   0.00000e+00   0.00000e+00   0.00000e+00   0.00000e+00   0.00000e+00   0.00000e+00   1.71429e+00   3.10714e+00   1.71429e+00   3.10714e+00   0.00000e+00   0.00000e+00   0.00000e+00   0.00000e+00   0.00000e+00   0.00000e+00
   2.85714e+00  -6.24725e+05   2.63852e-01   1.56992e-01   0.00000e+00   0.00000e+00   0.00000e+00   0.00000e+00   0.00000e+00   0.00000e+00   5.68602e-01   1.26781e+00   6.24011e-01   1.14776e+00   0.00000e+00   0.00000e+00   0.00000e+00   0.00000e+00   0.00000e+00   0.00000e+00
   7.14286e-01   2.63852e-01   2.28334e+03   5.01667e+00   2.52667e+01   8.84333e+00   0.00000e+00   0.00000e+00   0.00000e+00   0.00000e+00  -2.26667e+00   1.30167e+01   3.71067e+01   1.29420e+02   6.06400e+01   1.09910e+02   0.00000e+00   0.00000e+00   0.00000e+00   0.00000e+00
   2.50000e-01   1.56992e-01   5.01667e+00  -4.71154e+04   6.14286e+00   3.00714e+00   0.00000e+00   0.00000e+00   0.00000e+00   0.00000e+00  -1.00000e+00   1.85714e+00   8.02857e+00   3.12643e+01   1.46204e+01   2.67214e+01   0.00000e+00   0.00000e+00   0.00000e+00   0.00000e+00
   0.00000e+00   0.00000e+00   2.52667e+01   6.14286e+00   3.20192e+05   1.12477e+00   1.80180e-01   6.30631e-02   0.00000e+00   0.00000e+00  -4.95495e-01  -6.66667e-01   5.71171e-01   4.94099e+00   2.54157e+00   5.24189e+00   4.32432e-01   7.83784e-01   0.00000e+00   0.00000e+00
   0.00000e+00   0.00000e+00   8.84333e+00   3.00714e+00   1.12477e+00  -1.57588e+05   4.11774e-01   4.00388e-01   0.00000e+00   0.00000e+00  -5.23747e-01  -1.52540e+00  -1.15831e+00  -2.33839e-01   3.05494e-01   2.29455e+00   9.51649e-01   1.79122e+00   0.00000e+00   0.00000e+00
   0.00000e+00   0.00000e+00   0.00000e+00   0.00000e+00   1.80180e-01   4.11774e-01   1.63254e+04   1.36862e+00   3.53390e+00   1.23687e+00  -3.30779e-01  -3.70728e+00  -6.62257e+00  -1.83905e+01  -7.76737e+00  -9.40386e+00   7.20195e+00   2.18428e+01   8.48137e+00   1.53725e+01
   0.00000e+00   0.00000e+00   0.00000e+00   0.00000e+00   6.30631e-02   4.00388e-01   1.36862e+00  -6.58976e+03   1.19821e+01   1.03221e+01   2.37500e+00  -7.14286e-03  -9.61357e+00  -4.49755e+01  -2.14733e+01  -3.77927e+01   1.35678e+01   6.54396e+01   2.78814e+01   5.21219e+01
   0.00000e+00   0.00000e+00   0.00000e+00   0.00000e+00   0.00000e+00   0.00000e+00   3.53390e+00   1.19821e+01   6.61441e+05   7.75421e-01   3.12365e-01   3.22504e-01  -5.69975e-01  -3.76485e+00  -1.88586e+00  -3.69124e+00   9.91476e-01   5.90660e+00   2.50133e+00   4.93352e+00
   0.00000e+00   0.00000e+00   0.00000e+00   0.00000e+00   0.00000e+00   0.00000e+00   1.23687e+00   1.03221e+01   7.75421e-01   2.44812e+05   3.27476e-02  -3.71869e-01  -9.30733e-01  -3.09186e+00  -1.37463e+00  -1.99158e+00   1.09855e+00   4.00588e+00   1.72430e+00   3.01937e+00
   1.71429e+00   5.68602e-01  -2.26667e+00  -1.00000e+00  -4.95495e-01  -5.23747e-01  -3.30779e-01   2.37500e+00   3.12365e-01   3.27476e-02  -1.22493e+05   6.84480e-01   1.28553e+00   2.07232e+00  -2.09478e-01  -7.22257e-01  -2.25659e-01   1.09269e+00   3.95635e-01   1.18184e+00
   3.10714e+00   1.26781e+00   1.30167e+01   1.85714e+00  -6.66667e-01  -1.52540e+00  -3.70728e+00  -7.14286e-03   3.22504e-01  -3.71869e-01   6.84480e-01  -1.06452e+04   2.18027e+01   2.36385e+01   2.47475e+01   3.59805e+01  -1.58175e+01  -2.36684e+01  -1.58356e+01  -2.34373e+01
   1.71429e+00   6.24011e-01   3.71067e+01   8.02857e+00   5.71171e-01  -1.15831e+00  -6.62257e+00  -9.61357e+00  -5.69975e-01  -9.30733e-01   1.28553e+00   2.18027e+01   4.67698e+06   9.72164e-01   1.06872e+00   1.48739e+00  -7.30440e-01  -9.48488e-01  -6.68487e-01  -9.29141e-01
   3.10714e+00   1.14776e+00   1.29420e+02   3.12643e+01   4.94099e+00  -2.33839e-01  -1.83905e+01  -4.49755e+01  -3.76485e+00  -3.09186e+00   2.07232e+00   2.36385e+01   9.72164e-01  -1.85032e+06   4.56985e-01   9.05288e-01  -3.23721e-03  -1.20634e+00  -5.25345e-01  -1.27841e+00
   0.00000e+00   0.00000e+00   6.06400e+01   1.46204e+01   2.54157e+00   3.05494e-01  -7.76737e+00  -2.14733e+01  -1.88586e+00  -1.37463e+00  -2.09478e-01   2.47475e+01   1.06872e+00   4.56985e-01   3.71624e+05   1.94296e+00  -8.07173e-01  -2.95735e+00  -1.22224e+00  -2.41502e+00
   0.00000e+00   0.00000e+00   1.09910e+02   2.67214e+01   5.24189e+00   2.29455e+00  -9.40386e+00  -3.77927e+01  -3.69124e+00  -1.99158e+00  -7.22257e-01   3.59805e+01   1.48739e+00   9.05288e-01   1.94296e+00  -3.53249e+05   3.36302e-01  -9.84468e-01   4.00141e-01   3.36214e-01
   0.00000e+00   0.00000e+00   0.00000e+00   0.00000e+00   4.32432e-01   9.51649e-01   7.20195e+00   1.35678e+01   9.91476e-01   1.09855e+00  -2.25659e-01  -1.58175e+01  -7.30440e-01  -3.23721e-03  -8.07173e-01   3.36302e-01  -5.82135e+05   3.10980e+00   1.08812e+00   2.34100e+00
   0.00000e+00   0.00000e+00   0.00000e+00   0.00000e+00   7.83784e-01   1.79122e+00   2.18428e+01   6.54396e+01   5.90660e+00   4.00588e+00   1.09269e+00  -2.36684e+01  -9.48488e-01  -1.20634e+00  -2.95735e+00  -9.84468e-01   3.10980e+00   1.01090e+06   2.30093e-01   1.04447e+00
   0.00000e+00   0.00000e+00   0.00000e+00   0.00000e+00   0.00000e+00   0.00000e+00   8.48137e+00   2.78814e+01   2.50133e+00   1.72430e+00   3.95635e-01  -1.58356e+01  -6.68487e-01  -5.25345e-01  -1.22224e+00   4.00141e-01   1.08812e+00   2.30093e-01   3.28490e+05   1.66639e+00
   0.00000e+00   0.00000e+00   0.00000e+00   0.00000e+00   0.00000e+00   0.00000e+00   1.53725e+01   5.21219e+01   4.93352e+00   3.01937e+00   1.18184e+00  -2.34373e+01  -9.29141e-01  -1.27841e+00  -2.41502e+00   3.36214e-01   2.34100e+00   1.04447e+00   1.66639e+00  -3.08846e+05

 LOAD CASE    1


*** _Debug_ *** Displacement vector
  -2.58140e-04  -7.87396e-04  -6.22159e-04  -6.27158e-03   2.89356e-03
   2.58980e-03   1.63504e-03   1.14355e-02  -1.30539e-03   2.70021e-03  -7.85222e-04
   1.89411e-03   1.26894e-03  -7.06237e-04   4.13538e-03  -2.70055e-03   4.94730e-03
  -2.14037e-03  -5.39554e-03   3.23786e-03

 D I S P L A C E M E N T S

  NODE           X-DISPLACEMENT    Y-DISPLACEMENT    Z-DISPLACEMENT
    1               0.00000e+00       0.00000e+00       0.00000e+00
    2               0.00000e+00       0.00000e+00       0.00000e+00
    3               0.00000e+00       0.00000e+00       0.00000e+00
    4               0.00000e+00       0.00000e+00       0.00000e+00
    5               0.00000e+00       0.00000e+00       0.00000e+00
    6              -2.58140e-04      -7.87396e-04       0.00000e+00
    7              -6.22159e-04      -6.27158e-03       0.00000e+00
    8               2.89356e-03       2.58980e-03       0.00000e+00
    9               1.63504e-03       1.14355e-02       0.00000e+00
   10              -1.30539e-03       2.70021e-03       0.00000e+00
   11              -7.85222e-04       1.89411e-03       0.00000e+00
   12               1.26894e-03      -7.06237e-04       0.00000e+00
   13               4.13538e-03      -2.70055e-03       0.00000e+00
   14               4.94730e-03      -2.14037e-03       0.00000e+00
   15              -5.39554e-03       3.23786e-03       0.00000e+00

 S T R E S S  C A L C U L A T I O N S  F O R  E L E M E N T  G R O U P    1

  ELEMENT       STRESS_XX       STRESS_YY       STRESS_XY
  NUMBER
Shape function coefficients (after no swap):
  Final coordinates: (0.00000e+00,0.00000e+00), (5.00000e-01,0.00000e+00), (5.00000e-01,2.50000e-01)
  a: [1.25000e-01, 0.00000e+00, 0.00000e+00]
  b: [-2.50000e-01, 2.50000e-01, 0.00000e+00]
  c: [0.00000e+00, -5.00000e-01, 5.00000e-01]
  Area: 6.25000e-02, sum(a): 1.25000e-01, det: 1.25000e-01
T3 Element stress calculation:
  Material: E=2.10000e+05, nu=3.00000e-01, factor=2.30769e+05
  Area: 6.25000e-02, inv_2A=8.00000e+00
  LocationMatrix: [0 0 1 2 3 4 ]
  Displacements: [0.000000e+00 0.000000e+00 -2.581397e-04 -7.873956e-04 -6.221594e-04 -6.271578e-03 ]
  Strains: [-5.162795e-04, -2.193673e-02, -3.030870e-03]
  Stresses: [-1.637838e+03, -5.098064e+03, -2.448010e+02]
  B matrix verification:
    [-2.000000e+000.000000e+002.000000e+000.000000e+000.000000e+000.000000e+00]
    [0.000000e+000.000000e+000.000000e+00-4.000000e+000.000000e+004.000000e+00]
    [0.000000e+00-2.000000e+00-4.000000e+002.000000e+004.000000e+000.000000e+00]
  Element coordinates: (0.000000e+00,0.000000e+00) (5.000000e-01,0.000000e+00) (5.000000e-01,2.500000e-01) 
    1   -1.637838e+03   -5.098064e+03   -2.448010e+02
Shape function coefficients (after no swap):
  Final coordinates: (0.000000e+00,0.000000e+00), (5.000000e-01,2.500000e-01), (0.000000e+00,2.500000e-01)
  a: [1.250000e-01, 0.000000e+00, 0.000000e+00]
  b: [0.000000e+00, 2.500000e-01, -2.500000e-01]
  c: [-5.000000e-01, 0.000000e+00, 5.000000e-01]
  Area: 6.250000e-02, sum(a): 1.250000e-01, det: 1.250000e-01
T3 Element stress calculation:
  Material: E=2.100000e+05, nu=3.000000e-01, factor=2.307692e+05
  Area: 6.250000e-02, inv_2A=8.000000e+00
  LocationMatrix: [0 0 3 4 0 0 ]
  Displacements: [0.000000e+00 0.000000e+00 -6.221594e-04 -6.271578e-03 0.000000e+00 0.000000e+00 ]
  Strains: [-1.244319e-03, 0.000000e+00, -1.254316e-02]
  Stresses: [-2.871505e+02, -8.614514e+01, -1.013101e+03]
  B matrix verification:
    [0.000000e+000.000000e+002.000000e+000.000000e+00-2.000000e+000.000000e+00]
    [0.000000e+00-4.000000e+000.000000e+000.000000e+000.000000e+004.000000e+00]
    [-4.000000e+000.000000e+000.000000e+002.000000e+004.000000e+00-2.000000e+00]
  Element coordinates: (0.000000e+00,0.000000e+00) (5.000000e-01,2.500000e-01) (0.000000e+00,2.500000e-01) 
    2   -2.871505e+02   -8.614514e+01   -1.013101e+03
Shape function coefficients (after no swap):
  Final coordinates: (0.000000e+00,2.500000e-01), (5.000000e-01,2.500000e-01), (5.000000e-01,5.000000e-01)
  a: [1.250000e-01, 1.250000e-01, -1.250000e-01]
  b: [-2.500000e-01, 2.500000e-01, 0.000000e+00]
  c: [0.000000e+00, -5.000000e-01, 5.000000e-01]
  Area: 6.250000e-02, sum(a): 1.250000e-01, det: 1.250000e-01
T3 Element stress calculation:
  Material: E=2.100000e+05, nu=3.000000e-01, factor=2.307692e+05
  Area: 6.250000e-02, inv_2A=8.000000e+00
  LocationMatrix: [0 0 3 4 5 6 ]
  Displacements: [0.000000e+00 0.000000e+00 -6.221594e-04 -6.271578e-03 2.893555e-03 2.589803e-03 ]
  Strains: [-1.244319e-03, 3.544552e-02, 1.519703e-03]
  Stresses: [2.166770e+03, 8.093591e+03, 1.227453e+02]
  B matrix verification:
    [-2.000000e+000.000000e+002.000000e+000.000000e+000.000000e+000.000000e+00]
    [0.000000e+000.000000e+000.000000e+00-4.000000e+000.000000e+004.000000e+00]
    [0.000000e+00-2.000000e+00-4.000000e+002.000000e+004.000000e+000.000000e+00]
  Element coordinates: (0.000000e+00,2.500000e-01) (5.000000e-01,2.500000e-01) (5.000000e-01,5.000000e-01) 
    3    2.166770e+03    8.093591e+03    1.227453e+02
Shape function coefficients (after no swap):
  Final coordinates: (0.000000e+00,2.500000e-01), (5.000000e-01,5.000000e-01), (0.000000e+00,5.000000e-01)
  a: [2.500000e-01, 0.000000e+00, -1.250000e-01]
  b: [0.000000e+00, 2.500000e-01, -2.500000e-01]
  c: [-5.000000e-01, 0.000000e+00, 5.000000e-01]
  Area: 6.250000e-02, sum(a): 1.250000e-01, det: 1.250000e-01
T3 Element stress calculation:
  Material: E=2.100000e+05, nu=3.000000e-01, factor=2.307692e+05
  Area: 6.250000e-02, inv_2A=8.000000e+00
  LocationMatrix: [0 0 5 6 0 0 ]
  Displacements: [0.000000e+00 0.000000e+00 2.893555e-03 2.589803e-03 0.000000e+00 0.000000e+00 ]
  Strains: [5.787111e-03, 0.000000e+00, 5.179606e-03]
  Stresses: [1.335487e+03, 4.006461e+02, 4.183528e+02]
  B matrix verification:
    [0.000000e+000.000000e+002.000000e+000.000000e+00-2.000000e+000.000000e+00]
    [0.000000e+00-4.000000e+000.000000e+000.000000e+000.000000e+004.000000e+00]
    [-4.000000e+000.000000e+000.000000e+002.000000e+004.000000e+00-2.000000e+00]
  Element coordinates: (0.000000e+00,2.500000e-01) (5.000000e-01,5.000000e-01) (0.000000e+00,5.000000e-01) 
    4    1.335487e+03    4.006461e+02    4.183528e+02
Shape function coefficients (after no swap):
  Final coordinates: (0.000000e+00,5.000000e-01), (5.000000e-01,5.000000e-01), (5.000000e-01,7.500000e-01)
  a: [1.250000e-01, 2.500000e-01, -2.500000e-01]
  b: [-2.500000e-01, 2.500000e-01, 0.000000e+00]
  c: [0.000000e+00, -5.000000e-01, 5.000000e-01]
  Area: 6.250000e-02, sum(a): 1.250000e-01, det: 1.250000e-01
T3 Element stress calculation:
  Material: E=2.100000e+05, nu=3.000000e-01, factor=2.307692e+05
  Area: 6.250000e-02, inv_2A=8.000000e+00
  LocationMatrix: [0 0 5 6 7 8 ]
  Displacements: [0.000000e+00 0.000000e+00 2.893555e-03 2.589803e-03 1.635039e-03 1.143550e-02 ]
  Strains: [5.787111e-03, 3.538278e-02, 1.455424e-04]
  Stresses: [3.785064e+03, 8.565904e+03, 1.175535e+01]
  B matrix verification:
    [-2.000000e+000.000000e+002.000000e+000.000000e+000.000000e+000.000000e+00]
    [0.000000e+000.000000e+000.000000e+00-4.000000e+000.000000e+004.000000e+00]
    [0.000000e+00-2.000000e+00-4.000000e+002.000000e+004.000000e+000.000000e+00]
  Element coordinates: (0.000000e+00,5.000000e-01) (5.000000e-01,5.000000e-01) (5.000000e-01,7.500000e-01) 
    5    3.785064e+03    8.565904e+03    1.175535e+01
Shape function coefficients (after no swap):
  Final coordinates: (0.000000e+00,5.000000e-01), (5.000000e-01,7.500000e-01), (0.000000e+00,7.500000e-01)
  a: [3.750000e-01, 0.000000e+00, -2.500000e-01]
  b: [0.000000e+00, 2.500000e-01, -2.500000e-01]
  c: [-5.000000e-01, 0.000000e+00, 5.000000e-01]
  Area: 6.250000e-02, sum(a): 1.250000e-01, det: 1.250000e-01
T3 Element stress calculation:
  Material: E=2.100000e+05, nu=3.000000e-01, factor=2.307692e+05
  Area: 6.250000e-02, inv_2A=8.000000e+00
  LocationMatrix: [0 0 7 8 0 0 ]
  Displacements: [0.000000e+00 0.000000e+00 1.635039e-03 1.143550e-02 0.000000e+00 0.000000e+00 ]
  Strains: [3.270079e-03, 0.000000e+00, 2.287100e-02]
  Stresses: [7.546336e+02, 2.263901e+02, 1.847273e+03]
  B matrix verification:
    [0.000000e+000.000000e+002.000000e+000.000000e+00-2.000000e+000.000000e+00]
    [0.000000e+00-4.000000e+000.000000e+000.000000e+000.000000e+004.000000e+00]
    [-4.000000e+000.000000e+000.000000e+002.000000e+004.000000e+00-2.000000e+00]
  Element coordinates: (0.000000e+00,5.000000e-01) (5.000000e-01,7.500000e-01) (0.000000e+00,7.500000e-01) 
    6    7.546336e+02    2.263901e+02    1.847273e+03
Shape function coefficients (after no swap):
  Final coordinates: (0.000000e+00,7.500000e-01), (5.000000e-01,7.500000e-01), (5.000000e-01,1.000000e+00)
  a: [1.250000e-01, 3.750000e-01, -3.750000e-01]
  b: [-2.500000e-01, 2.500000e-01, 0.000000e+00]
  c: [0.000000e+00, -5.000000e-01, 5.000000e-01]
  Area: 6.250000e-02, sum(a): 1.250000e-01, det: 1.250000e-01
T3 Element stress calculation:
  Material: E=2.100000e+05, nu=3.000000e-01, factor=2.307692e+05
  Area: 6.250000e-02, inv_2A=8.000000e+00
  LocationMatrix: [0 0 7 8 9 10 ]
  Displacements: [0.000000e+00 0.000000e+00 1.635039e-03 1.143550e-02 -1.305390e-03 2.700209e-03 ]
  Strains: [3.270079e-03, -3.494116e-02, 1.110928e-02]
  Stresses: [-1.664370e+03, -7.836955e+03, 8.972881e+02]
  B matrix verification:
    [-2.000000e+000.000000e+002.000000e+000.000000e+000.000000e+000.000000e+00]
    [0.000000e+000.000000e+000.000000e+00-4.000000e+000.000000e+004.000000e+00]
    [0.000000e+00-2.000000e+00-4.000000e+002.000000e+004.000000e+000.000000e+00]
  Element coordinates: (0.000000e+00,7.500000e-01) (5.000000e-01,7.500000e-01) (5.000000e-01,1.000000e+00) 
    7   -1.664370e+03   -7.836955e+03    8.972881e+02
Shape function coefficients (after no swap):
  Final coordinates: (0.000000e+00,7.500000e-01), (5.000000e-01,1.000000e+00), (0.000000e+00,1.000000e+00)
  a: [5.000000e-01, 0.000000e+00, -3.750000e-01]
  b: [0.000000e+00, 2.500000e-01, -2.500000e-01]
  c: [-5.000000e-01, 0.000000e+00, 5.000000e-01]
  Area: 6.250000e-02, sum(a): 1.250000e-01, det: 1.250000e-01
T3 Element stress calculation:
  Material: E=2.100000e+05, nu=3.000000e-01, factor=2.307692e+05
  Area: 6.250000e-02, inv_2A=8.000000e+00
  LocationMatrix: [0 0 9 10 0 0 ]
  Displacements: [0.000000e+00 0.000000e+00 -1.305390e-03 2.700209e-03 0.000000e+00 0.000000e+00 ]
  Strains: [-2.610780e-03, 0.000000e+00, 5.400417e-03]
  Stresses: [-6.024876e+02, -1.807463e+02, 4.361876e+02]
  B matrix verification:
    [0.000000e+000.000000e+002.000000e+000.000000e+00-2.000000e+000.000000e+00]
    [0.000000e+00-4.000000e+000.000000e+000.000000e+000.000000e+004.000000e+00]
    [-4.000000e+000.000000e+000.000000e+002.000000e+004.000000e+00-2.000000e+00]
  Element coordinates: (0.000000e+00,7.500000e-01) (5.000000e-01,1.000000e+00) (0.000000e+00,1.000000e+00) 
    8   -6.024876e+02   -1.807463e+02    4.361876e+02
Shape function coefficients (after no swap):
  Final coordinates: (5.000000e-01,0.000000e+00), (1.000000e+00,0.000000e+00), (1.000000e+00,2.500000e-01)
  a: [2.500000e-01, -1.250000e-01, 0.000000e+00]
  b: [-2.500000e-01, 2.500000e-01, 0.000000e+00]
  c: [0.000000e+00, -5.000000e-01, 5.000000e-01]
  Area: 6.250000e-02, sum(a): 1.250000e-01, det: 1.250000e-01
T3 Element stress calculation:
  Material: E=2.100000e+05, nu=3.000000e-01, factor=2.307692e+05
  Area: 6.250000e-02, inv_2A=8.000000e+00
  LocationMatrix: [1 2 11 12 13 14 ]
  Displacements: [-2.581397e-04 -7.873956e-04 -7.852216e-04 1.894113e-03 1.268942e-03 -7.062374e-04 ]
  Strains: [-1.054164e-03, -1.040140e-02, 1.357967e-02]
  Stresses: [-9.633657e+02, -2.473304e+03, 1.096820e+03]
  B matrix verification:
    [-2.000000e+000.000000e+002.000000e+000.000000e+000.000000e+000.000000e+00]
    [0.000000e+000.000000e+000.000000e+00-4.000000e+000.000000e+004.000000e+00]
    [0.000000e+00-2.000000e+00-4.000000e+002.000000e+004.000000e+000.000000e+00]
  Element coordinates: (5.000000e-01,0.000000e+00) (1.000000e+00,0.000000e+00) (1.000000e+00,2.500000e-01) 
    9   -9.633657e+02   -2.473304e+03    1.096820e+03
Shape function coefficients (after no swap):
  Final coordinates: (5.000000e-01,0.000000e+00), (1.000000e+00,2.500000e-01), (5.000000e-01,2.500000e-01)
  a: [1.250000e-01, -1.250000e-01, 1.250000e-01]
  b: [0.000000e+00, 2.500000e-01, -2.500000e-01]
  c: [-5.000000e-01, 0.000000e+00, 5.000000e-01]
  Area: 6.250000e-02, sum(a): 1.250000e-01, det: 1.250000e-01
T3 Element stress calculation:
  Material: E=2.100000e+05, nu=3.000000e-01, factor=2.307692e+05
  Area: 6.250000e-02, inv_2A=8.000000e+00
  LocationMatrix: [1 2 13 14 3 4 ]
  Displacements: [-2.581397e-04 -7.873956e-04 1.268942e-03 -7.062374e-04 -6.221594e-04 -6.271578e-03 ]
  Strains: [3.782203e-03, -2.193673e-02, 9.674602e-03]
  Stresses: [-6.458805e+02, -4.800477e+03, 7.814102e+02]
  B matrix verification:
    [0.000000e+000.000000e+002.000000e+000.000000e+00-2.000000e+000.000000e+00]
    [0.000000e+00-4.000000e+000.000000e+000.000000e+000.000000e+004.000000e+00]
    [-4.000000e+000.000000e+000.000000e+002.000000e+004.000000e+00-2.000000e+00]
  Element coordinates: (5.000000e-01,0.000000e+00) (1.000000e+00,2.500000e-01) (5.000000e-01,2.500000e-01) 
   10   -6.458805e+02   -4.800477e+03    7.814102e+02
Shape function coefficients (after no swap):
  Final coordinates: (5.000000e-01,2.500000e-01), (1.000000e+00,2.500000e-01), (1.000000e+00,5.000000e-01)
  a: [2.500000e-01, 0.000000e+00, -1.250000e-01]
  b: [-2.500000e-01, 2.500000e-01, 0.000000e+00]
  c: [0.000000e+00, -5.000000e-01, 5.000000e-01]
  Area: 6.250000e-02, sum(a): 1.250000e-01, det: 1.250000e-01
T3 Element stress calculation:
  Material: E=2.100000e+05, nu=3.000000e-01, factor=2.307692e+05
  Area: 6.250000e-02, inv_2A=8.000000e+00
  LocationMatrix: [3 4 13 14 15 16 ]
  Displacements: [-6.221594e-04 -6.271578e-03 1.268942e-03 -7.062374e-04 4.135381e-03 -2.700553e-03 ]
  Strains: [3.782203e-03, -7.977263e-03, 2.259644e-02]
  Stresses: [3.205441e+02, -1.579062e+03, 1.825097e+03]
  B matrix verification:
    [-2.000000e+000.000000e+002.000000e+000.000000e+000.000000e+000.000000e+00]
    [0.000000e+000.000000e+000.000000e+00-4.000000e+000.000000e+004.000000e+00]
    [0.000000e+00-2.000000e+00-4.000000e+002.000000e+004.000000e+000.000000e+00]
  Element coordinates: (5.000000e-01,2.500000e-01) (1.000000e+00,2.500000e-01) (1.000000e+00,5.000000e-01) 
   11    3.205441e+02   -1.579062e+03    1.825097e+03
Shape function coefficients (after no swap):
  Final coordinates: (5.000000e-01,2.500000e-01), (1.000000e+00,5.000000e-01), (5.000000e-01,5.000000e-01)
  a: [2.500000e-01, -1.250000e-01, 0.000000e+00]
  b: [0.000000e+00, 2.500000e-01, -2.500000e-01]
  c: [-5.000000e-01, 0.000000e+00, 5.000000e-01]
  Area: 6.250000e-02, sum(a): 1.250000e-01, det: 1.250000e-01
T3 Element stress calculation:
  Material: E=2.100000e+05, nu=3.000000e-01, factor=2.307692e+05
  Area: 6.250000e-02, inv_2A=8.000000e+00
  LocationMatrix: [3 4 15 16 5 6 ]
  Displacements: [-6.221594e-04 -6.271578e-03 4.135381e-03 -2.700553e-03 2.893555e-03 2.589803e-03 ]
  Strains: [2.483652e-03, 3.544552e-02, 3.482147e-03]
  Stresses: [3.027071e+03, 8.351681e+03, 2.812503e+02]
  B matrix verification:
    [0.000000e+000.000000e+002.000000e+000.000000e+00-2.000000e+000.000000e+00]
    [0.000000e+00-4.000000e+000.000000e+000.000000e+000.000000e+004.000000e+00]
    [-4.000000e+000.000000e+000.000000e+002.000000e+004.000000e+00-2.000000e+00]
  Element coordinates: (5.000000e-01,2.500000e-01) (1.000000e+00,5.000000e-01) (5.000000e-01,5.000000e-01) 
   12    3.027071e+03    8.351681e+03    2.812503e+02
Shape function coefficients (after no swap):
  Final coordinates: (5.000000e-01,5.000000e-01), (1.000000e+00,5.000000e-01), (1.000000e+00,7.500000e-01)
  a: [2.500000e-01, 1.250000e-01, -2.500000e-01]
  b: [-2.500000e-01, 2.500000e-01, 0.000000e+00]
  c: [0.000000e+00, -5.000000e-01, 5.000000e-01]
  Area: 6.250000e-02, sum(a): 1.250000e-01, det: 1.250000e-01
T3 Element stress calculation:
  Material: E=2.100000e+05, nu=3.000000e-01, factor=2.307692e+05
  Area: 6.250000e-02, inv_2A=8.000000e+00
  LocationMatrix: [5 6 15 16 17 18 ]
  Displacements: [2.893555e-03 2.589803e-03 4.135381e-03 -2.700553e-03 4.947302e-03 -2.140374e-03 ]
  Strains: [2.483652e-03, 2.240717e-03, -7.333028e-03]
  Stresses: [7.282769e+02, 6.890336e+02, -5.922830e+02]
  B matrix verification:
    [-2.000000e+000.000000e+002.000000e+000.000000e+000.000000e+000.000000e+00]
    [0.000000e+000.000000e+000.000000e+00-4.000000e+000.000000e+004.000000e+00]
    [0.000000e+00-2.000000e+00-4.000000e+002.000000e+004.000000e+000.000000e+00]
  Element coordinates: (5.000000e-01,5.000000e-01) (1.000000e+00,5.000000e-01) (1.000000e+00,7.500000e-01) 
   13    7.282769e+02    6.890336e+02   -5.922830e+02
Shape function coefficients (after no swap):
  Final coordinates: (5.000000e-01,5.000000e-01), (1.000000e+00,7.500000e-01), (5.000000e-01,7.500000e-01)
  a: [3.750000e-01, -1.250000e-01, -1.250000e-01]
  b: [0.000000e+00, 2.500000e-01, -2.500000e-01]
  c: [-5.000000e-01, 0.000000e+00, 5.000000e-01]
  Area: 6.250000e-02, sum(a): 1.250000e-01, det: 1.250000e-01
T3 Element stress calculation:
  Material: E=2.100000e+05, nu=3.000000e-01, factor=2.307692e+05
  Area: 6.250000e-02, inv_2A=8.000000e+00
  LocationMatrix: [5 6 17 18 7 8 ]
  Displacements: [2.893555e-03 2.589803e-03 4.947302e-03 -2.140374e-03 1.635039e-03 1.143550e-02 ]
  Strains: [6.624525e-03, 3.538278e-02, -3.218581e-02]
  Stresses: [3.978314e+03, 8.623879e+03, -2.599623e+03]
  B matrix verification:
    [0.000000e+000.000000e+002.000000e+000.000000e+00-2.000000e+000.000000e+00]
    [0.000000e+00-4.000000e+000.000000e+000.000000e+000.000000e+004.000000e+00]
    [-4.000000e+000.000000e+000.000000e+002.000000e+004.000000e+00-2.000000e+00]
  Element coordinates: (5.000000e-01,5.000000e-01) (1.000000e+00,7.500000e-01) (5.000000e-01,7.500000e-01) 
   14    3.978314e+03    8.623879e+03   -2.599623e+03
Shape function coefficients (after no swap):
  Final coordinates: (5.000000e-01,7.500000e-01), (1.000000e+00,7.500000e-01), (1.000000e+00,1.000000e+00)
  a: [2.500000e-01, 2.500000e-01, -3.750000e-01]
  b: [-2.500000e-01, 2.500000e-01, 0.000000e+00]
  c: [0.000000e+00, -5.000000e-01, 5.000000e-01]
  Area: 6.250000e-02, sum(a): 1.250000e-01, det: 1.250000e-01
T3 Element stress calculation:
  Material: E=2.100000e+05, nu=3.000000e-01, factor=2.307692e+05
  Area: 6.250000e-02, inv_2A=8.000000e+00
  LocationMatrix: [7 8 17 18 19 20 ]
  Displacements: [1.635039e-03 1.143550e-02 4.947302e-03 -2.140374e-03 -5.395536e-03 3.237856e-03 ]
  Strains: [6.624525e-03, 2.151292e-02, -6.852310e-02]
  Stresses: [3.018093e+03, 5.423141e+03, -5.534558e+03]
  B matrix verification:
    [-2.000000e+000.000000e+002.000000e+000.000000e+000.000000e+000.000000e+00]
    [0.000000e+000.000000e+000.000000e+00-4.000000e+000.000000e+004.000000e+00]
    [0.000000e+00-2.000000e+00-4.000000e+002.000000e+004.000000e+000.000000e+00]
  Element coordinates: (5.000000e-01,7.500000e-01) (1.000000e+00,7.500000e-01) (1.000000e+00,1.000000e+00) 
   15    3.018093e+03    5.423141e+03   -5.534558e+03
Shape function coefficients (after no swap):
  Final coordinates: (5.000000e-01,7.500000e-01), (1.000000e+00,1.000000e+00), (5.000000e-01,1.000000e+00)
  a: [5.000000e-01, -1.250000e-01, -2.500000e-01]
  b: [0.000000e+00, 2.500000e-01, -2.500000e-01]
  c: [-5.000000e-01, 0.000000e+00, 5.000000e-01]
  Area: 6.250000e-02, sum(a): 1.250000e-01, det: 1.250000e-01
T3 Element stress calculation:
  Material: E=2.100000e+05, nu=3.000000e-01, factor=2.307692e+05
  Area: 6.250000e-02, inv_2A=8.000000e+00
  LocationMatrix: [7 8 19 20 9 10 ]
  Displacements: [1.635039e-03 1.143550e-02 -5.395536e-03 3.237856e-03 -1.305390e-03 2.700209e-03 ]
  Strains: [-8.180292e-03, -3.494116e-02, -1.068642e-02]
  Stresses: [-4.306763e+03, -8.629673e+03, -8.631341e+02]
  B matrix verification:
    [0.000000e+000.000000e+002.000000e+000.000000e+00-2.000000e+000.000000e+00]
    [0.000000e+00-4.000000e+000.000000e+000.000000e+000.000000e+004.000000e+00]
    [-4.000000e+000.000000e+000.000000e+002.000000e+004.000000e+00-2.000000e+00]
  Element coordinates: (5.000000e-01,7.500000e-01) (1.000000e+00,1.000000e+00) (5.000000e-01,1.000000e+00) 
   16   -4.306763e+03   -8.629673e+03   -8.631341e+02


 S O L U T I O N   T I M E   L O G   I N   S E C 

     TIME FOR INPUT PHASE = 0.000000e+00
     TIME FOR CALCULATION OF STIFFNESS MATRIX = 1.562500e-02
     TIME FOR FACTORIZATION AND LOAD CASE SOLUTIONS = 1.562500e-02

     T O T A L   S O L U T I O N   T I M E = 3.125000e-02

