TITLE : T3 Square Plate with Point Load
        (23:5:31 on June 7, 2025, Saturday)

C O N T R O L   I N F O R M A T I O N

      NUMBER OF NODAL POINTS . . . . . . . . . . (NUMNP)  =     9
      NUMBER OF ELEMENT GROUPS . . . . . . . . . (NUMEG)  =     1
      NUMBER OF LOAD CASES . . . . . . . . . . . (NLCASE) =     1
      SOLUTION MODE  . . . . . . . . . . . . . . (MODEX)  =     1
         EQ.0, DATA CHECK
         EQ.1, EXECUTION

 N O D A L   P O I N T   D A T A

    NODE       BOUNDARY                         NODAL POINT
   NUMBER  CONDITION  CODES                     COORDINATES
        1    1    1    1       0.00000e+00    0.00000e+00    0.00000e+00
        2    0    1    1       5.00000e-01    0.00000e+00    0.00000e+00
        3    0    1    1       1.00000e+00    0.00000e+00    0.00000e+00
        4    1    0    1       0.00000e+00    5.00000e-01    0.00000e+00
        5    0    0    1       5.00000e-01    5.00000e-01    0.00000e+00
        6    0    0    1       1.00000e+00    5.00000e-01    0.00000e+00
        7    1    0    1       0.00000e+00    1.00000e+00    0.00000e+00
        8    0    0    1       5.00000e-01    1.00000e+00    0.00000e+00
        9    0    0    1       1.00000e+00    1.00000e+00    0.00000e+00

 EQUATION NUMBERS

   NODE NUMBER   DEGREES OF FREEDOM
        N           X    Y    Z
        1           0    0    0
        2           1    0    0
        3           2    0    0
        4           0    3    0
        5           4    5    0
        6           6    7    0
        7           0    8    0
        8           9   10    0
        9          11   12    0

 L O A D   C A S E   D A T A

     LOAD CASE NUMBER . . . . . . . =     1
     NUMBER OF CONCENTRATED LOADS . =     1

    NODE       DIRECTION      LOAD
   NUMBER                   MAGNITUDE
      5            2       -1.00000e+03

Reading element group 1
Element Type: 3, NUME: 8, NUMMAT: 1
Reading material set 1
Reading element 1
T3 Element nodes: 1, 2, 5, Material: 1
  Node coordinates: (0.00000e+00,0.00000e+00) (5.00000e-01,0.00000e+00) (5.00000e-01,5.00000e-01) 
Material properties: E=2.10000e+05, nu=3.00000e-01, t=1.00000e+00
Shape function coefficients (after no swap):
  Final coordinates: (0.00000e+00,0.00000e+00), (5.00000e-01,0.00000e+00), (5.00000e-01,5.00000e-01)
  a: [2.50000e-01, 0.00000e+00, 0.00000e+00]
  b: [-5.00000e-01, 5.00000e-01, 0.00000e+00]
  c: [0.00000e+00, -5.00000e-01, 5.00000e-01]
  Area: 1.25000e-01, sum(a): 2.50000e-01, det: 2.50000e-01
Area calculated: 1.25000e-01
T3 Location Matrix: 0 0 1 0 4 5 
Node boundary codes: Node1:[0,0] Node2:[1,0] Node3:[4,5] 
Location matrix generated successfully.
Successfully read element 1
Reading element 2
T3 Element nodes: 1, 5, 4, Material: 1
  Node coordinates: (0.00000e+00,0.00000e+00) (5.00000e-01,5.00000e-01) (0.00000e+00,5.00000e-01) 
Material properties: E=2.10000e+05, nu=3.00000e-01, t=1.00000e+00
Shape function coefficients (after no swap):
  Final coordinates: (0.00000e+00,0.00000e+00), (5.00000e-01,5.00000e-01), (0.00000e+00,5.00000e-01)
  a: [2.50000e-01, 0.00000e+00, 0.00000e+00]
  b: [0.00000e+00, 5.00000e-01, -5.00000e-01]
  c: [-5.00000e-01, 0.00000e+00, 5.00000e-01]
  Area: 1.25000e-01, sum(a): 2.50000e-01, det: 2.50000e-01
Area calculated: 1.25000e-01
T3 Location Matrix: 0 0 4 5 0 3 
Node boundary codes: Node1:[0,0] Node2:[4,5] Node3:[0,3] 
Location matrix generated successfully.
Successfully read element 2
Reading element 3
T3 Element nodes: 2, 3, 6, Material: 1
  Node coordinates: (5.00000e-01,0.00000e+00) (1.00000e+00,0.00000e+00) (1.00000e+00,5.00000e-01) 
Material properties: E=2.10000e+05, nu=3.00000e-01, t=1.00000e+00
Shape function coefficients (after no swap):
  Final coordinates: (5.00000e-01,0.00000e+00), (1.00000e+00,0.00000e+00), (1.00000e+00,5.00000e-01)
  a: [5.00000e-01, -2.50000e-01, 0.00000e+00]
  b: [-5.00000e-01, 5.00000e-01, 0.00000e+00]
  c: [0.00000e+00, -5.00000e-01, 5.00000e-01]
  Area: 1.25000e-01, sum(a): 2.50000e-01, det: 2.50000e-01
Area calculated: 1.25000e-01
T3 Location Matrix: 1 0 2 0 6 7 
Node boundary codes: Node1:[1,0] Node2:[2,0] Node3:[6,7] 
Location matrix generated successfully.
Successfully read element 3
Reading element 4
T3 Element nodes: 2, 6, 5, Material: 1
  Node coordinates: (5.00000e-01,0.00000e+00) (1.00000e+00,5.00000e-01) (5.00000e-01,5.00000e-01) 
Material properties: E=2.10000e+05, nu=3.00000e-01, t=1.00000e+00
Shape function coefficients (after no swap):
  Final coordinates: (5.00000e-01,0.00000e+00), (1.00000e+00,5.00000e-01), (5.00000e-01,5.00000e-01)
  a: [2.50000e-01, -2.50000e-01, 2.50000e-01]
  b: [0.00000e+00, 5.00000e-01, -5.00000e-01]
  c: [-5.00000e-01, 0.00000e+00, 5.00000e-01]
  Area: 1.25000e-01, sum(a): 2.50000e-01, det: 2.50000e-01
Area calculated: 1.25000e-01
T3 Location Matrix: 1 0 6 7 4 5 
Node boundary codes: Node1:[1,0] Node2:[6,7] Node3:[4,5] 
Location matrix generated successfully.
Successfully read element 4
Reading element 5
T3 Element nodes: 4, 5, 8, Material: 1
  Node coordinates: (0.00000e+00,5.00000e-01) (5.00000e-01,5.00000e-01) (5.00000e-01,1.00000e+00) 
Material properties: E=2.10000e+05, nu=3.00000e-01, t=1.00000e+00
Shape function coefficients (after no swap):
  Final coordinates: (0.00000e+00,5.00000e-01), (5.00000e-01,5.00000e-01), (5.00000e-01,1.00000e+00)
  a: [2.50000e-01, 2.50000e-01, -2.50000e-01]
  b: [-5.00000e-01, 5.00000e-01, 0.00000e+00]
  c: [0.00000e+00, -5.00000e-01, 5.00000e-01]
  Area: 1.25000e-01, sum(a): 2.50000e-01, det: 2.50000e-01
Area calculated: 1.25000e-01
T3 Location Matrix: 0 3 4 5 9 10 
Node boundary codes: Node1:[0,3] Node2:[4,5] Node3:[9,10] 
Location matrix generated successfully.
Successfully read element 5
Reading element 6
T3 Element nodes: 4, 8, 7, Material: 1
  Node coordinates: (0.00000e+00,5.00000e-01) (5.00000e-01,1.00000e+00) (0.00000e+00,1.00000e+00) 
Material properties: E=2.10000e+05, nu=3.00000e-01, t=1.00000e+00
Shape function coefficients (after no swap):
  Final coordinates: (0.00000e+00,5.00000e-01), (5.00000e-01,1.00000e+00), (0.00000e+00,1.00000e+00)
  a: [5.00000e-01, 0.00000e+00, -2.50000e-01]
  b: [0.00000e+00, 5.00000e-01, -5.00000e-01]
  c: [-5.00000e-01, 0.00000e+00, 5.00000e-01]
  Area: 1.25000e-01, sum(a): 2.50000e-01, det: 2.50000e-01
Area calculated: 1.25000e-01
T3 Location Matrix: 0 3 9 10 0 8 
Node boundary codes: Node1:[0,3] Node2:[9,10] Node3:[0,8] 
Location matrix generated successfully.
Successfully read element 6
Reading element 7
T3 Element nodes: 5, 6, 9, Material: 1
  Node coordinates: (5.00000e-01,5.00000e-01) (1.00000e+00,5.00000e-01) (1.00000e+00,1.00000e+00) 
Material properties: E=2.10000e+05, nu=3.00000e-01, t=1.00000e+00
Shape function coefficients (after no swap):
  Final coordinates: (5.00000e-01,5.00000e-01), (1.00000e+00,5.00000e-01), (1.00000e+00,1.00000e+00)
  a: [5.00000e-01, 0.00000e+00, -2.50000e-01]
  b: [-5.00000e-01, 5.00000e-01, 0.00000e+00]
  c: [0.00000e+00, -5.00000e-01, 5.00000e-01]
  Area: 1.25000e-01, sum(a): 2.50000e-01, det: 2.50000e-01
Area calculated: 1.25000e-01
T3 Location Matrix: 4 5 6 7 11 12 
Node boundary codes: Node1:[4,5] Node2:[6,7] Node3:[11,12] 
Location matrix generated successfully.
Successfully read element 7
Reading element 8
T3 Element nodes: 5, 9, 8, Material: 1
  Node coordinates: (5.00000e-01,5.00000e-01) (1.00000e+00,1.00000e+00) (5.00000e-01,1.00000e+00) 
Material properties: E=2.10000e+05, nu=3.00000e-01, t=1.00000e+00
Shape function coefficients (after no swap):
  Final coordinates: (5.00000e-01,5.00000e-01), (1.00000e+00,1.00000e+00), (5.00000e-01,1.00000e+00)
  a: [5.00000e-01, -2.50000e-01, 0.00000e+00]
  b: [0.00000e+00, 5.00000e-01, -5.00000e-01]
  c: [-5.00000e-01, 0.00000e+00, 5.00000e-01]
  Area: 1.25000e-01, sum(a): 2.50000e-01, det: 2.50000e-01
Area calculated: 1.25000e-01
T3 Location Matrix: 4 5 11 12 9 10 
Node boundary codes: Node1:[4,5] Node2:[11,12] Node3:[9,10] 
Location matrix generated successfully.
Successfully read element 8
Successfully read element group 1
 E L E M E N T   G R O U P   D A T A


 E L E M E N T   D E F I N I T I O N

 ELEMENT TYPE  . . . . . . . . . . . . .( NPAR(1) ) . . =    3
     EQ.1, TRUSS ELEMENTS
     EQ.2, ELEMENTS CURRENTLY
     EQ.3, NOT AVAILABLE

 NUMBER OF ELEMENTS. . . . . . . . . . .( NPAR(2) ) . . =    8

    T3 ELEMENT INFORMATION:
    ELEMENT     NODE    NODE    NODE    MATERIAL
    NUMBER      I       J       K      SET NUMBER
        1    1        2        5           1
        2    1        5        4           1
        3    2        3        6           1
        4    2        6        5           1
        5    4        5        8           1
        6    4        8        7           1
        7    5        6        9           1
        8    5        9        8           1

   Ele =        Location Matrix
T3 Location Matrix: 0 0 1 0 4 5 
Node boundary codes: Node1:[0,0] Node2:[1,0] Node3:[4,5] 
        1    0    0    1    0    4    5
T3 Location Matrix: 0 0 4 5 0 3 
Node boundary codes: Node1:[0,0] Node2:[4,5] Node3:[0,3] 
        2    0    0    4    5    0    3
T3 Location Matrix: 1 0 2 0 6 7 
Node boundary codes: Node1:[1,0] Node2:[2,0] Node3:[6,7] 
        3    1    0    2    0    6    7
T3 Location Matrix: 1 0 6 7 4 5 
Node boundary codes: Node1:[1,0] Node2:[6,7] Node3:[4,5] 
        4    1    0    6    7    4    5
T3 Location Matrix: 0 3 4 5 9 10 
Node boundary codes: Node1:[0,3] Node2:[4,5] Node3:[9,10] 
        5    0    3    4    5    9   10
T3 Location Matrix: 0 3 9 10 0 8 
Node boundary codes: Node1:[0,3] Node2:[9,10] Node3:[0,8] 
        6    0    3    9   10    0    8
T3 Location Matrix: 4 5 6 7 11 12 
Node boundary codes: Node1:[4,5] Node2:[6,7] Node3:[11,12] 
        7    4    5    6    7   11   12
T3 Location Matrix: 4 5 11 12 9 10 
Node boundary codes: Node1:[4,5] Node2:[11,12] Node3:[9,10] 
        8    4    5   11   12    9   10

*** _Debug_ *** Column Heights
       0       1       0       3       4       5       6       5       6       7       7       8

*** _Debug_ *** Address of Diagonal Element
       1       2       4       5       9      14      20      27      33      40      48      56      65

	TOTAL SYSTEM DATA

     NUMBER OF EQUATIONS . . . . . . . . . . . . . .(NEQ) = 12
     NUMBER OF MATRIX ELEMENTS . . . . . . . . . . .(NWK) = 64
     MAXIMUM HALF BANDWIDTH  . . . . . . . . . . . .(MK ) = 9
     MEAN HALF BANDWIDTH . . . . . . . . . . . . . .(MM ) = 5


Shape function coefficients (after no swap):
  Final coordinates: (0.00000e+00,0.00000e+00), (5.00000e-01,0.00000e+00), (5.00000e-01,5.00000e-01)
  a: [2.50000e-01, 0.00000e+00, 0.00000e+00]
  b: [-5.00000e-01, 5.00000e-01, 0.00000e+00]
  c: [0.00000e+00, -5.00000e-01, 5.00000e-01]
  Area: 1.25000e-01, sum(a): 2.50000e-01, det: 2.50000e-01
T3 stiffness matrix calculation:
  Area: 1.25000e-01, Thickness: 1.00000e+00, Volume: 1.25000e-01
  Material: E=2.10000e+05, nu=3.00000e-01, factor=2.30769e+05
  B matrix:
    [-2.000000e+000.000000e+002.000000e+000.000000e+000.000000e+000.000000e+00]
    [0.000000e+000.000000e+000.000000e+00-2.000000e+000.000000e+002.000000e+00]
    [0.000000e+00-2.000000e+00-2.000000e+002.000000e+002.000000e+000.000000e+00]
  K[0][0] = 1.153846e+05
  K[0][1] = 0.000000e+00
  K[1][1] = 4.038462e+04
Shape function coefficients (after no swap):
  Final coordinates: (0.000000e+00,0.000000e+00), (5.000000e-01,5.000000e-01), (0.000000e+00,5.000000e-01)
  a: [2.500000e-01, 0.000000e+00, 0.000000e+00]
  b: [0.000000e+00, 5.000000e-01, -5.000000e-01]
  c: [-5.000000e-01, 0.000000e+00, 5.000000e-01]
  Area: 1.250000e-01, sum(a): 2.500000e-01, det: 2.500000e-01
T3 stiffness matrix calculation:
  Area: 1.250000e-01, Thickness: 1.000000e+00, Volume: 1.250000e-01
  Material: E=2.100000e+05, nu=3.000000e-01, factor=2.307692e+05
  B matrix:
    [0.000000e+000.000000e+002.000000e+000.000000e+00-2.000000e+000.000000e+00]
    [0.000000e+00-2.000000e+000.000000e+000.000000e+000.000000e+002.000000e+00]
    [-2.000000e+000.000000e+000.000000e+002.000000e+002.000000e+00-2.000000e+00]
  K[0][0] = 4.038462e+04
  K[0][1] = 0.000000e+00
  K[1][1] = 1.153846e+05
Shape function coefficients (after no swap):
  Final coordinates: (5.000000e-01,0.000000e+00), (1.000000e+00,0.000000e+00), (1.000000e+00,5.000000e-01)
  a: [5.000000e-01, -2.500000e-01, 0.000000e+00]
  b: [-5.000000e-01, 5.000000e-01, 0.000000e+00]
  c: [0.000000e+00, -5.000000e-01, 5.000000e-01]
  Area: 1.250000e-01, sum(a): 2.500000e-01, det: 2.500000e-01
T3 stiffness matrix calculation:
  Area: 1.250000e-01, Thickness: 1.000000e+00, Volume: 1.250000e-01
  Material: E=2.100000e+05, nu=3.000000e-01, factor=2.307692e+05
  B matrix:
    [-2.000000e+000.000000e+002.000000e+000.000000e+000.000000e+000.000000e+00]
    [0.000000e+000.000000e+000.000000e+00-2.000000e+000.000000e+002.000000e+00]
    [0.000000e+00-2.000000e+00-2.000000e+002.000000e+002.000000e+000.000000e+00]
  K[0][0] = 1.153846e+05
  K[0][1] = 0.000000e+00
  K[1][1] = 4.038462e+04
Shape function coefficients (after no swap):
  Final coordinates: (5.000000e-01,0.000000e+00), (1.000000e+00,5.000000e-01), (5.000000e-01,5.000000e-01)
  a: [2.500000e-01, -2.500000e-01, 2.500000e-01]
  b: [0.000000e+00, 5.000000e-01, -5.000000e-01]
  c: [-5.000000e-01, 0.000000e+00, 5.000000e-01]
  Area: 1.250000e-01, sum(a): 2.500000e-01, det: 2.500000e-01
T3 stiffness matrix calculation:
  Area: 1.250000e-01, Thickness: 1.000000e+00, Volume: 1.250000e-01
  Material: E=2.100000e+05, nu=3.000000e-01, factor=2.307692e+05
  B matrix:
    [0.000000e+000.000000e+002.000000e+000.000000e+00-2.000000e+000.000000e+00]
    [0.000000e+00-2.000000e+000.000000e+000.000000e+000.000000e+002.000000e+00]
    [-2.000000e+000.000000e+000.000000e+002.000000e+002.000000e+00-2.000000e+00]
  K[0][0] = 4.038462e+04
  K[0][1] = 0.000000e+00
  K[1][1] = 1.153846e+05
Shape function coefficients (after no swap):
  Final coordinates: (0.000000e+00,5.000000e-01), (5.000000e-01,5.000000e-01), (5.000000e-01,1.000000e+00)
  a: [2.500000e-01, 2.500000e-01, -2.500000e-01]
  b: [-5.000000e-01, 5.000000e-01, 0.000000e+00]
  c: [0.000000e+00, -5.000000e-01, 5.000000e-01]
  Area: 1.250000e-01, sum(a): 2.500000e-01, det: 2.500000e-01
T3 stiffness matrix calculation:
  Area: 1.250000e-01, Thickness: 1.000000e+00, Volume: 1.250000e-01
  Material: E=2.100000e+05, nu=3.000000e-01, factor=2.307692e+05
  B matrix:
    [-2.000000e+000.000000e+002.000000e+000.000000e+000.000000e+000.000000e+00]
    [0.000000e+000.000000e+000.000000e+00-2.000000e+000.000000e+002.000000e+00]
    [0.000000e+00-2.000000e+00-2.000000e+002.000000e+002.000000e+000.000000e+00]
  K[0][0] = 1.153846e+05
  K[0][1] = 0.000000e+00
  K[1][1] = 4.038462e+04
Shape function coefficients (after no swap):
  Final coordinates: (0.000000e+00,5.000000e-01), (5.000000e-01,1.000000e+00), (0.000000e+00,1.000000e+00)
  a: [5.000000e-01, 0.000000e+00, -2.500000e-01]
  b: [0.000000e+00, 5.000000e-01, -5.000000e-01]
  c: [-5.000000e-01, 0.000000e+00, 5.000000e-01]
  Area: 1.250000e-01, sum(a): 2.500000e-01, det: 2.500000e-01
T3 stiffness matrix calculation:
  Area: 1.250000e-01, Thickness: 1.000000e+00, Volume: 1.250000e-01
  Material: E=2.100000e+05, nu=3.000000e-01, factor=2.307692e+05
  B matrix:
    [0.000000e+000.000000e+002.000000e+000.000000e+00-2.000000e+000.000000e+00]
    [0.000000e+00-2.000000e+000.000000e+000.000000e+000.000000e+002.000000e+00]
    [-2.000000e+000.000000e+000.000000e+002.000000e+002.000000e+00-2.000000e+00]
  K[0][0] = 4.038462e+04
  K[0][1] = 0.000000e+00
  K[1][1] = 1.153846e+05
Shape function coefficients (after no swap):
  Final coordinates: (5.000000e-01,5.000000e-01), (1.000000e+00,5.000000e-01), (1.000000e+00,1.000000e+00)
  a: [5.000000e-01, 0.000000e+00, -2.500000e-01]
  b: [-5.000000e-01, 5.000000e-01, 0.000000e+00]
  c: [0.000000e+00, -5.000000e-01, 5.000000e-01]
  Area: 1.250000e-01, sum(a): 2.500000e-01, det: 2.500000e-01
T3 stiffness matrix calculation:
  Area: 1.250000e-01, Thickness: 1.000000e+00, Volume: 1.250000e-01
  Material: E=2.100000e+05, nu=3.000000e-01, factor=2.307692e+05
  B matrix:
    [-2.000000e+000.000000e+002.000000e+000.000000e+000.000000e+000.000000e+00]
    [0.000000e+000.000000e+000.000000e+00-2.000000e+000.000000e+002.000000e+00]
    [0.000000e+00-2.000000e+00-2.000000e+002.000000e+002.000000e+000.000000e+00]
  K[0][0] = 1.153846e+05
  K[0][1] = 0.000000e+00
  K[1][1] = 4.038462e+04
Shape function coefficients (after no swap):
  Final coordinates: (5.000000e-01,5.000000e-01), (1.000000e+00,1.000000e+00), (5.000000e-01,1.000000e+00)
  a: [5.000000e-01, -2.500000e-01, 0.000000e+00]
  b: [0.000000e+00, 5.000000e-01, -5.000000e-01]
  c: [-5.000000e-01, 0.000000e+00, 5.000000e-01]
  Area: 1.250000e-01, sum(a): 2.500000e-01, det: 2.500000e-01
T3 stiffness matrix calculation:
  Area: 1.250000e-01, Thickness: 1.000000e+00, Volume: 1.250000e-01
  Material: E=2.100000e+05, nu=3.000000e-01, factor=2.307692e+05
  B matrix:
    [0.000000e+000.000000e+002.000000e+000.000000e+00-2.000000e+000.000000e+00]
    [0.000000e+00-2.000000e+000.000000e+000.000000e+000.000000e+002.000000e+00]
    [-2.000000e+000.000000e+000.000000e+002.000000e+002.000000e+00-2.000000e+00]
  K[0][0] = 4.038462e+04
  K[0][1] = 0.000000e+00
  K[1][1] = 1.153846e+05
*** _Debug_ *** Banded stiffness matrix
   4.03846e+04  -1.15385e+05   1.55769e+05   4.03846e+04   0.00000e+00   0.00000e+00
   0.00000e+00   1.15385e+05   0.00000e+00   0.00000e+00  -4.03846e+04   0.00000e+00
   4.03846e+04  -1.15385e+05   0.00000e+00   4.03846e+04   0.00000e+00  -4.03846e+04
   1.55769e+05  -4.03846e+04  -4.03846e+04  -4.03846e+04   1.90385e+05   0.00000e+00
  -1.15385e+05   1.55769e+05   4.03846e+04   0.00000e+00   0.00000e+00   0.00000e+00
   0.00000e+00  -7.50000e+04  -4.03846e+04  -4.03846e+04   0.00000e+00   0.00000e+00
   0.00000e+00   1.15385e+05   5.76923e+03  -3.46154e+04  -1.15385e+05   3.46154e+04
   0.00000e+00   0.00000e+00  -4.03846e+04   4.03846e+04   0.00000e+00   0.00000e+00
  -4.03846e+04  -1.15385e+05   0.00000e+00  -4.03846e+04  -4.03846e+04   5.76923e+03
   1.55769e+05  -7.50000e+04   0.00000e+00   3.46154e+04   3.46154e+04   0.00000e+00
   3.46154e+04  -1.15385e+05   0.00000e+00   1.55769e+05

*** _Debug_ *** Full stiffness matrix
   4.03846e+04   1.55769e+05   0.00000e+00   1.15385e+05   4.03846e+04   1.55769e+05   1.55769e+05   0.00000e+00   0.00000e+00   0.00000e+00   0.00000e+00   0.00000e+00
   1.55769e+05  -1.15385e+05   0.00000e+00   0.00000e+00   0.00000e+00  -4.03846e+04  -1.15385e+05   0.00000e+00   0.00000e+00   0.00000e+00   0.00000e+00   0.00000e+00
   0.00000e+00   0.00000e+00   4.03846e+04   0.00000e+00  -4.03846e+04   0.00000e+00   0.00000e+00  -7.50000e+04   5.76923e+03   0.00000e+00   0.00000e+00   0.00000e+00
   1.15385e+05   0.00000e+00   0.00000e+00   0.00000e+00   0.00000e+00   4.03846e+04   1.90385e+05   0.00000e+00   1.15385e+05   4.03846e+04   1.55769e+05   1.55769e+05
   4.03846e+04   0.00000e+00  -4.03846e+04   0.00000e+00   0.00000e+00   0.00000e+00  -4.03846e+04   0.00000e+00   0.00000e+00  -4.03846e+04   5.76923e+03   0.00000e+00
   1.55769e+05  -4.03846e+04   0.00000e+00   4.03846e+04   0.00000e+00  -1.15385e+05  -4.03846e+04   0.00000e+00   0.00000e+00   0.00000e+00  -4.03846e+04  -1.15385e+05
   1.55769e+05  -1.15385e+05   0.00000e+00   1.90385e+05  -4.03846e+04  -4.03846e+04  -4.03846e+04   0.00000e+00   0.00000e+00   0.00000e+00  -4.03846e+04   3.46154e+04
   0.00000e+00   0.00000e+00  -7.50000e+04   0.00000e+00   0.00000e+00   0.00000e+00   0.00000e+00   4.03846e+04  -4.03846e+04   3.46154e+04   0.00000e+00   0.00000e+00
   0.00000e+00   0.00000e+00   5.76923e+03   1.15385e+05   0.00000e+00   0.00000e+00   0.00000e+00  -4.03846e+04  -4.03846e+04  -1.15385e+05  -1.15385e+05   3.46154e+04
   0.00000e+00   0.00000e+00   0.00000e+00   4.03846e+04  -4.03846e+04   0.00000e+00   0.00000e+00   3.46154e+04  -1.15385e+05  -3.46154e+04  -4.03846e+04   3.46154e+04
   0.00000e+00   0.00000e+00   0.00000e+00   1.55769e+05   5.76923e+03  -4.03846e+04  -4.03846e+04   0.00000e+00  -1.15385e+05  -4.03846e+04   0.00000e+00   0.00000e+00
   0.00000e+00   0.00000e+00   0.00000e+00   1.55769e+05   0.00000e+00  -1.15385e+05   3.46154e+04   0.00000e+00   3.46154e+04   3.46154e+04   0.00000e+00  -7.50000e+04

*** _Debug_ *** Banded stiffness matrix
   4.03846e+04  -7.16209e+05   3.85714e+00   4.03846e+04  -5.31114e+04   0.00000e+00
   6.21404e-01   2.85714e+00  -4.03846e+04   3.50000e-01  -1.00000e+00   2.17491e-01
   1.00000e+00  -1.36470e+05   3.50000e-01   1.17125e-01   0.00000e+00   8.95282e-01
   3.85714e+00   1.04274e+06  -1.11071e-01   2.65000e+00  -3.58462e+00   0.00000e+00
   1.00000e+00   3.85714e+00   6.43179e+03   1.93399e-01  -1.92349e-01   1.85714e+00
  -0.00000e+00  -1.85714e+00  -6.29695e+05  -9.85050e+00   4.84478e-01   1.02516e-02
   8.57143e-01  -2.17250e+00   1.42857e-01  -3.10033e+05  -1.09498e+00   1.28081e+01
   2.78912e-01  -1.05163e-01   1.35000e+00  -7.60375e-01   0.00000e+00   1.93620e+05
   1.86714e-02   7.25964e-01  -6.48814e+00   6.16222e-01   3.04583e-01   1.20714e+00
  -2.93287e+00   1.42131e+04   4.99531e-01  -6.84262e-01   8.42568e-01  -9.47604e+00
   6.95035e-01   8.39357e-01   1.35000e+00  -2.93287e+00

*** _Debug_ *** Full stiffness matrix
   4.03846e+04   3.85714e+00   0.00000e+00   2.85714e+00   1.00000e+00   3.85714e+00   3.85714e+00   0.00000e+00   0.00000e+00   0.00000e+00   0.00000e+00   0.00000e+00
   3.85714e+00  -7.16209e+05   0.00000e+00   6.21404e-01   2.17491e-01   8.95282e-01   1.00000e+00   0.00000e+00   0.00000e+00   0.00000e+00   0.00000e+00   0.00000e+00
   0.00000e+00   0.00000e+00   4.03846e+04   0.00000e+00  -1.00000e+00   0.00000e+00   0.00000e+00  -1.85714e+00   1.42857e-01   0.00000e+00   0.00000e+00   0.00000e+00
   2.85714e+00   6.21404e-01   0.00000e+00  -5.31114e+04   3.50000e-01   1.17125e-01  -3.58462e+00  -0.00000e+00  -2.17250e+00  -7.60375e-01  -2.93287e+00  -2.93287e+00
   1.00000e+00   2.17491e-01  -1.00000e+00   3.50000e-01  -4.03846e+04   3.50000e-01   2.65000e+00   1.85714e+00   8.57143e-01   1.35000e+00   1.20714e+00   1.35000e+00
   3.85714e+00   8.95282e-01   0.00000e+00   1.17125e-01   3.50000e-01  -1.36470e+05  -1.11071e-01  -1.92349e-01   1.02516e-02  -1.05163e-01   3.04583e-01   8.39357e-01
   3.85714e+00   1.00000e+00   0.00000e+00  -3.58462e+00   2.65000e+00  -1.11071e-01   1.04274e+06   1.93399e-01   4.84478e-01   2.78912e-01   6.16222e-01   6.95035e-01
   0.00000e+00   0.00000e+00  -1.85714e+00  -0.00000e+00   1.85714e+00  -1.92349e-01   1.93399e-01   6.43179e+03  -9.85050e+00   1.28081e+01  -6.48814e+00  -9.47604e+00
   0.00000e+00   0.00000e+00   1.42857e-01  -2.17250e+00   8.57143e-01   1.02516e-02   4.84478e-01  -9.85050e+00  -6.29695e+05  -1.09498e+00   7.25964e-01   8.42568e-01
   0.00000e+00   0.00000e+00   0.00000e+00  -7.60375e-01   1.35000e+00  -1.05163e-01   2.78912e-01   1.28081e+01  -1.09498e+00  -3.10033e+05   1.86714e-02  -6.84262e-01
   0.00000e+00   0.00000e+00   0.00000e+00  -2.93287e+00   1.20714e+00   3.04583e-01   6.16222e-01  -6.48814e+00   7.25964e-01   1.86714e-02   1.93620e+05   4.99531e-01
   0.00000e+00   0.00000e+00   0.00000e+00  -2.93287e+00   1.35000e+00   8.39357e-01   6.95035e-01  -9.47604e+00   8.42568e-01  -6.84262e-01   4.99531e-01   1.42131e+04

 LOAD CASE    1


*** _Debug_ *** Displacement vector
  -2.79662e-03  -1.69275e-02   4.24562e-03  -1.66106e-03   1.32722e-02
   3.52301e-03   1.19190e-02  -5.54136e-03  -8.85148e-03   5.33703e-03  -3.24558e-03
  -4.99089e-03

 D I S P L A C E M E N T S

  NODE           X-DISPLACEMENT    Y-DISPLACEMENT    Z-DISPLACEMENT
    1               0.00000e+00       0.00000e+00       0.00000e+00
    2              -2.79662e-03       0.00000e+00       0.00000e+00
    3              -1.69275e-02       0.00000e+00       0.00000e+00
    4               0.00000e+00       4.24562e-03       0.00000e+00
    5              -1.66106e-03       1.32722e-02       0.00000e+00
    6               3.52301e-03       1.19190e-02       0.00000e+00
    7               0.00000e+00      -5.54136e-03       0.00000e+00
    8              -8.85148e-03       5.33703e-03       0.00000e+00
    9              -3.24558e-03      -4.99089e-03       0.00000e+00

 S T R E S S  C A L C U L A T I O N S  F O R  E L E M E N T  G R O U P    1

  ELEMENT       STRESS_XX       STRESS_YY       STRESS_XY
  NUMBER
Shape function coefficients (after no swap):
  Final coordinates: (0.00000e+00,0.00000e+00), (5.00000e-01,0.00000e+00), (5.00000e-01,5.00000e-01)
  a: [2.50000e-01, 0.00000e+00, 0.00000e+00]
  b: [-5.00000e-01, 5.00000e-01, 0.00000e+00]
  c: [0.00000e+00, -5.00000e-01, 5.00000e-01]
  Area: 1.25000e-01, sum(a): 2.50000e-01, det: 2.50000e-01
T3 Element stress calculation:
  Material: E=2.10000e+05, nu=3.00000e-01, factor=2.30769e+05
  Area: 1.25000e-01, inv_2A=4.00000e+00
  LocationMatrix: [0 0 1 0 4 5 ]
  Displacements: [0.000000e+00 0.000000e+00 -2.796619e-03 0.000000e+00 -1.661061e-03 1.327222e-02 ]
  Strains: [-5.593238e-03, 2.654444e-02, 2.271116e-03]
  Stresses: [5.469449e+02, 5.738416e+03, 1.834363e+02]
  B matrix verification:
    [-2.000000e+000.000000e+002.000000e+000.000000e+000.000000e+000.000000e+00]
    [0.000000e+000.000000e+000.000000e+00-2.000000e+000.000000e+002.000000e+00]
    [0.000000e+00-2.000000e+00-2.000000e+002.000000e+002.000000e+000.000000e+00]
  Element coordinates: (0.000000e+00,0.000000e+00) (5.000000e-01,0.000000e+00) (5.000000e-01,5.000000e-01) 
    1    5.469449e+02    5.738416e+03    1.834363e+02
Shape function coefficients (after no swap):
  Final coordinates: (0.000000e+00,0.000000e+00), (5.000000e-01,5.000000e-01), (0.000000e+00,5.000000e-01)
  a: [2.500000e-01, 0.000000e+00, 0.000000e+00]
  b: [0.000000e+00, 5.000000e-01, -5.000000e-01]
  c: [-5.000000e-01, 0.000000e+00, 5.000000e-01]
  Area: 1.250000e-01, sum(a): 2.500000e-01, det: 2.500000e-01
T3 Element stress calculation:
  Material: E=2.100000e+05, nu=3.000000e-01, factor=2.307692e+05
  Area: 1.250000e-01, inv_2A=4.000000e+00
  LocationMatrix: [0 0 4 5 0 3 ]
  Displacements: [0.000000e+00 0.000000e+00 -1.661061e-03 1.327222e-02 0.000000e+00 4.245616e-03 ]
  Strains: [-3.322121e-03, 8.491232e-03, 1.805321e-02]
  Stresses: [-1.787888e+02, 1.729522e+03, 1.458144e+03]
  B matrix verification:
    [0.000000e+000.000000e+002.000000e+000.000000e+00-2.000000e+000.000000e+00]
    [0.000000e+00-2.000000e+000.000000e+000.000000e+000.000000e+002.000000e+00]
    [-2.000000e+000.000000e+000.000000e+002.000000e+002.000000e+00-2.000000e+00]
  Element coordinates: (0.000000e+00,0.000000e+00) (5.000000e-01,5.000000e-01) (0.000000e+00,5.000000e-01) 
    2   -1.787888e+02    1.729522e+03    1.458144e+03
Shape function coefficients (after no swap):
  Final coordinates: (5.000000e-01,0.000000e+00), (1.000000e+00,0.000000e+00), (1.000000e+00,5.000000e-01)
  a: [5.000000e-01, -2.500000e-01, 0.000000e+00]
  b: [-5.000000e-01, 5.000000e-01, 0.000000e+00]
  c: [0.000000e+00, -5.000000e-01, 5.000000e-01]
  Area: 1.250000e-01, sum(a): 2.500000e-01, det: 2.500000e-01
T3 Element stress calculation:
  Material: E=2.100000e+05, nu=3.000000e-01, factor=2.307692e+05
  Area: 1.250000e-01, inv_2A=4.000000e+00
  LocationMatrix: [1 0 2 0 6 7 ]
  Displacements: [-2.796619e-03 0.000000e+00 -1.692747e-02 0.000000e+00 3.523006e-03 1.191898e-02 ]
  Strains: [-2.826170e-02, 2.383796e-02, 4.090095e-02]
  Stresses: [-4.871611e+03, 3.544489e+03, 3.303538e+03]
  B matrix verification:
    [-2.000000e+000.000000e+002.000000e+000.000000e+000.000000e+000.000000e+00]
    [0.000000e+000.000000e+000.000000e+00-2.000000e+000.000000e+002.000000e+00]
    [0.000000e+00-2.000000e+00-2.000000e+002.000000e+002.000000e+000.000000e+00]
  Element coordinates: (5.000000e-01,0.000000e+00) (1.000000e+00,0.000000e+00) (1.000000e+00,5.000000e-01) 
    3   -4.871611e+03    3.544489e+03    3.303538e+03
Shape function coefficients (after no swap):
  Final coordinates: (5.000000e-01,0.000000e+00), (1.000000e+00,5.000000e-01), (5.000000e-01,5.000000e-01)
  a: [2.500000e-01, -2.500000e-01, 2.500000e-01]
  b: [0.000000e+00, 5.000000e-01, -5.000000e-01]
  c: [-5.000000e-01, 0.000000e+00, 5.000000e-01]
  Area: 1.250000e-01, sum(a): 2.500000e-01, det: 2.500000e-01
T3 Element stress calculation:
  Material: E=2.100000e+05, nu=3.000000e-01, factor=2.307692e+05
  Area: 1.250000e-01, inv_2A=4.000000e+00
  LocationMatrix: [1 0 6 7 4 5 ]
  Displacements: [-2.796619e-03 0.000000e+00 3.523006e-03 1.191898e-02 -1.661061e-03 1.327222e-02 ]
  Strains: [1.036813e-02, 2.654444e-02, -4.353589e-04]
  Stresses: [4.230338e+03, 6.843434e+03, -3.516360e+01]
  B matrix verification:
    [0.000000e+000.000000e+002.000000e+000.000000e+00-2.000000e+000.000000e+00]
    [0.000000e+00-2.000000e+000.000000e+000.000000e+000.000000e+002.000000e+00]
    [-2.000000e+000.000000e+000.000000e+002.000000e+002.000000e+00-2.000000e+00]
  Element coordinates: (5.000000e-01,0.000000e+00) (1.000000e+00,5.000000e-01) (5.000000e-01,5.000000e-01) 
    4    4.230338e+03    6.843434e+03   -3.516360e+01
Shape function coefficients (after no swap):
  Final coordinates: (0.000000e+00,5.000000e-01), (5.000000e-01,5.000000e-01), (5.000000e-01,1.000000e+00)
  a: [2.500000e-01, 2.500000e-01, -2.500000e-01]
  b: [-5.000000e-01, 5.000000e-01, 0.000000e+00]
  c: [0.000000e+00, -5.000000e-01, 5.000000e-01]
  Area: 1.250000e-01, sum(a): 2.500000e-01, det: 2.500000e-01
T3 Element stress calculation:
  Material: E=2.100000e+05, nu=3.000000e-01, factor=2.307692e+05
  Area: 1.250000e-01, inv_2A=4.000000e+00
  LocationMatrix: [0 3 4 5 9 10 ]
  Displacements: [0.000000e+00 4.245616e-03 -1.661061e-03 1.327222e-02 -8.851478e-03 5.337033e-03 ]
  Strains: [-3.322121e-03, -1.587037e-02, 3.672372e-03]
  Stresses: [-1.865362e+03, -3.892387e+03, 2.966147e+02]
  B matrix verification:
    [-2.000000e+000.000000e+002.000000e+000.000000e+000.000000e+000.000000e+00]
    [0.000000e+000.000000e+000.000000e+00-2.000000e+000.000000e+002.000000e+00]
    [0.000000e+00-2.000000e+00-2.000000e+002.000000e+002.000000e+000.000000e+00]
  Element coordinates: (0.000000e+00,5.000000e-01) (5.000000e-01,5.000000e-01) (5.000000e-01,1.000000e+00) 
    5   -1.865362e+03   -3.892387e+03    2.966147e+02
Shape function coefficients (after no swap):
  Final coordinates: (0.000000e+00,5.000000e-01), (5.000000e-01,1.000000e+00), (0.000000e+00,1.000000e+00)
  a: [5.000000e-01, 0.000000e+00, -2.500000e-01]
  b: [0.000000e+00, 5.000000e-01, -5.000000e-01]
  c: [-5.000000e-01, 0.000000e+00, 5.000000e-01]
  Area: 1.250000e-01, sum(a): 2.500000e-01, det: 2.500000e-01
T3 Element stress calculation:
  Material: E=2.100000e+05, nu=3.000000e-01, factor=2.307692e+05
  Area: 1.250000e-01, inv_2A=4.000000e+00
  LocationMatrix: [0 3 9 10 0 8 ]
  Displacements: [0.000000e+00 4.245616e-03 -8.851478e-03 5.337033e-03 0.000000e+00 -5.541362e-03 ]
  Strains: [-1.770296e-02, -1.957396e-02, 2.175679e-02]
  Stresses: [-5.440418e+03, -5.742656e+03, 1.757279e+03]
  B matrix verification:
    [0.000000e+000.000000e+002.000000e+000.000000e+00-2.000000e+000.000000e+00]
    [0.000000e+00-2.000000e+000.000000e+000.000000e+000.000000e+002.000000e+00]
    [-2.000000e+000.000000e+000.000000e+002.000000e+002.000000e+00-2.000000e+00]
  Element coordinates: (0.000000e+00,5.000000e-01) (5.000000e-01,1.000000e+00) (0.000000e+00,1.000000e+00) 
    6   -5.440418e+03   -5.742656e+03    1.757279e+03
Shape function coefficients (after no swap):
  Final coordinates: (5.000000e-01,5.000000e-01), (1.000000e+00,5.000000e-01), (1.000000e+00,1.000000e+00)
  a: [5.000000e-01, 0.000000e+00, -2.500000e-01]
  b: [-5.000000e-01, 5.000000e-01, 0.000000e+00]
  c: [0.000000e+00, -5.000000e-01, 5.000000e-01]
  Area: 1.250000e-01, sum(a): 2.500000e-01, det: 2.500000e-01
T3 Element stress calculation:
  Material: E=2.100000e+05, nu=3.000000e-01, factor=2.307692e+05
  Area: 1.250000e-01, inv_2A=4.000000e+00
  LocationMatrix: [4 5 6 7 11 12 ]
  Displacements: [-1.661061e-03 1.327222e-02 3.523006e-03 1.191898e-02 -3.245585e-03 -4.990887e-03 ]
  Strains: [1.036813e-02, -3.381974e-02, -1.624366e-02]
  Stresses: [5.127960e+01, -7.086761e+03, -1.311988e+03]
  B matrix verification:
    [-2.000000e+000.000000e+002.000000e+000.000000e+000.000000e+000.000000e+00]
    [0.000000e+000.000000e+000.000000e+00-2.000000e+000.000000e+002.000000e+00]
    [0.000000e+00-2.000000e+00-2.000000e+002.000000e+002.000000e+000.000000e+00]
  Element coordinates: (5.000000e-01,5.000000e-01) (1.000000e+00,5.000000e-01) (1.000000e+00,1.000000e+00) 
    7    5.127960e+01   -7.086761e+03   -1.311988e+03
Shape function coefficients (after no swap):
  Final coordinates: (5.000000e-01,5.000000e-01), (1.000000e+00,1.000000e+00), (5.000000e-01,1.000000e+00)
  a: [5.000000e-01, -2.500000e-01, 0.000000e+00]
  b: [0.000000e+00, 5.000000e-01, -5.000000e-01]
  c: [-5.000000e-01, 0.000000e+00, 5.000000e-01]
  Area: 1.250000e-01, sum(a): 2.500000e-01, det: 2.500000e-01
T3 Element stress calculation:
  Material: E=2.100000e+05, nu=3.000000e-01, factor=2.307692e+05
  Area: 1.250000e-01, inv_2A=4.000000e+00
  LocationMatrix: [4 5 11 12 9 10 ]
  Displacements: [-1.661061e-03 1.327222e-02 -3.245585e-03 -4.990887e-03 -8.851478e-03 5.337033e-03 ]
  Strains: [1.121179e-02, -1.587037e-02, -3.503668e-02]
  Stresses: [1.488617e+03, -2.886193e+03, -2.829885e+03]
  B matrix verification:
    [0.000000e+000.000000e+002.000000e+000.000000e+00-2.000000e+000.000000e+00]
    [0.000000e+00-2.000000e+000.000000e+000.000000e+000.000000e+002.000000e+00]
    [-2.000000e+000.000000e+000.000000e+002.000000e+002.000000e+00-2.000000e+00]
  Element coordinates: (5.000000e-01,5.000000e-01) (1.000000e+00,1.000000e+00) (5.000000e-01,1.000000e+00) 
    8    1.488617e+03   -2.886193e+03   -2.829885e+03


 S O L U T I O N   T I M E   L O G   I N   S E C 

     TIME FOR INPUT PHASE = 1.562500e-02
     TIME FOR CALCULATION OF STIFFNESS MATRIX = 0.000000e+00
     TIME FOR FACTORIZATION AND LOAD CASE SOLUTIONS = 1.562500e-02

     T O T A L   S O L U T I O N   T I M E = 3.125000e-02

